2025-08-18T12:45:53.328+05:30  INFO 19596 --- [order-cart-service] [main] [                                                 ] com.ecommerce.order.OrderApplication     : Starting OrderApplication using Java 21.0.8 with PID 19596 (C:\Users\pc\Desktop\Ecom-Microservices\Microservices with Eureka Server Registry\order\target\classes started by pc in C:\Users\pc\Desktop\Ecom-Microservices\Microservices with Eureka Server Registry)
2025-08-18T12:45:53.440+05:30  INFO 19596 --- [order-cart-service] [main] [                                                 ] com.ecommerce.order.OrderApplication     : No active profile set, falling back to 1 default profile: "default"
2025-08-18T12:45:54.821+05:30  INFO 19596 --- [order-cart-service] [main] [                                                 ] o.s.c.c.c.ConfigServerConfigDataLoader   : Fetching config from server at : http://localhost:8888
2025-08-18T12:45:54.822+05:30  INFO 19596 --- [order-cart-service] [main] [                                                 ] o.s.c.c.c.ConfigServerConfigDataLoader   : Located environment: name=order-cart-service, profiles=[default], label=null, version=null, state=null
2025-08-18T12:46:05.880+05:30  INFO 19596 --- [order-cart-service] [main] [                                                 ] .s.d.r.c.RepositoryConfigurationDelegate : Bootstrapping Spring Data JPA repositories in DEFAULT mode.
2025-08-18T12:46:06.485+05:30  INFO 19596 --- [order-cart-service] [main] [                                                 ] .s.d.r.c.RepositoryConfigurationDelegate : Finished Spring Data repository scanning in 556 ms. Found 2 JPA repository interfaces.
2025-08-18T12:46:07.698+05:30  INFO 19596 --- [order-cart-service] [main] [                                                 ] faultConfiguringBeanFactoryPostProcessor : No bean named 'errorChannel' has been explicitly defined. Therefore, a default PublishSubscribeChannel will be created.
2025-08-18T12:46:07.734+05:30  INFO 19596 --- [order-cart-service] [main] [                                                 ] faultConfiguringBeanFactoryPostProcessor : No bean named 'integrationHeaderChannelRegistry' has been explicitly defined. Therefore, a default DefaultHeaderChannelRegistry will be created.
2025-08-18T12:46:08.383+05:30  INFO 19596 --- [order-cart-service] [main] [                                                 ] o.s.cloud.context.scope.GenericScope     : BeanFactory id=df609f6f-cb00-32a9-bdbb-88046024cd5b
2025-08-18T12:46:13.111+05:30  INFO 19596 --- [order-cart-service] [main] [                                                 ] o.s.b.w.embedded.tomcat.TomcatWebServer  : Tomcat initialized with port 8083 (http)
2025-08-18T12:46:13.212+05:30  INFO 19596 --- [order-cart-service] [main] [                                                 ] o.apache.catalina.core.StandardService   : Starting service [Tomcat]
2025-08-18T12:46:13.213+05:30  INFO 19596 --- [order-cart-service] [main] [                                                 ] o.apache.catalina.core.StandardEngine    : Starting Servlet engine: [Apache Tomcat/10.1.43]
2025-08-18T12:46:13.748+05:30  INFO 19596 --- [order-cart-service] [main] [                                                 ] o.a.c.c.C.[Tomcat].[localhost].[/]       : Initializing Spring embedded WebApplicationContext
2025-08-18T12:46:13.758+05:30  INFO 19596 --- [order-cart-service] [main] [                                                 ] w.s.c.ServletWebServerApplicationContext : Root WebApplicationContext: initialization completed in 18850 ms
2025-08-18T12:46:19.233+05:30  INFO 19596 --- [order-cart-service] [main] [                                                 ] o.hibernate.jpa.internal.util.LogHelper  : HHH000204: Processing PersistenceUnitInfo [name: default]
2025-08-18T12:46:19.542+05:30  INFO 19596 --- [order-cart-service] [main] [                                                 ] org.hibernate.Version                    : HHH000412: Hibernate ORM core version 6.6.22.Final
2025-08-18T12:46:19.736+05:30  INFO 19596 --- [order-cart-service] [main] [                                                 ] o.h.c.internal.RegionFactoryInitiator    : HHH000026: Second-level cache disabled
2025-08-18T12:46:20.653+05:30  INFO 19596 --- [order-cart-service] [main] [                                                 ] o.s.o.j.p.SpringPersistenceUnitInfo      : No LoadTimeWeaver setup: ignoring JPA class transformer
2025-08-18T12:46:20.735+05:30  INFO 19596 --- [order-cart-service] [main] [                                                 ] com.zaxxer.hikari.HikariDataSource       : HikariPool-1 - Starting...
2025-08-18T12:46:23.893+05:30  INFO 19596 --- [order-cart-service] [main] [                                                 ] com.zaxxer.hikari.pool.HikariPool        : HikariPool-1 - Added connection org.postgresql.jdbc.PgConnection@58e0d1ac
2025-08-18T12:46:23.899+05:30  INFO 19596 --- [order-cart-service] [main] [                                                 ] com.zaxxer.hikari.HikariDataSource       : HikariPool-1 - Start completed.
2025-08-18T12:46:24.704+05:30  WARN 19596 --- [order-cart-service] [main] [                                                 ] org.hibernate.orm.deprecation            : HHH90000025: PostgreSQLDialect does not need to be specified explicitly using 'hibernate.dialect' (remove the property setting and it will be selected by default)
2025-08-18T12:46:25.520+05:30  INFO 19596 --- [order-cart-service] [main] [                                                 ] org.hibernate.orm.connections.pooling    : HHH10001005: Database info:
	Database JDBC URL [Connecting through datasource 'HikariDataSource (HikariPool-1)']
	Database driver: undefined/unknown
	Database version: 17.5
	Autocommit mode: undefined/unknown
	Isolation level: undefined/unknown
	Minimum pool size: undefined/unknown
	Maximum pool size: undefined/unknown
2025-08-18T12:46:30.162+05:30  INFO 19596 --- [order-cart-service] [main] [                                                 ] o.h.e.t.j.p.i.JtaPlatformInitiator       : HHH000489: No JTA platform available (set 'hibernate.transaction.jta.platform' to enable JTA platform integration)
2025-08-18T12:46:32.771+05:30  INFO 19596 --- [order-cart-service] [main] [                                                 ] j.LocalContainerEntityManagerFactoryBean : Initialized JPA EntityManagerFactory for persistence unit 'default'
2025-08-18T12:46:34.749+05:30  WARN 19596 --- [order-cart-service] [main] [                                                 ] JpaBaseConfiguration$JpaWebConfiguration : spring.jpa.open-in-view is enabled by default. Therefore, database queries may be performed during view rendering. Explicitly configure spring.jpa.open-in-view to disable this warning
2025-08-18T12:46:38.194+05:30  WARN 19596 --- [order-cart-service] [main] [                                                 ] c.f.c.c.BeanFactoryAwareFunctionRegistry : Failed to locate function 'busConsumer' for function definition 'busConsumer'. Returning null.
2025-08-18T12:46:38.573+05:30  INFO 19596 --- [order-cart-service] [main] [                                                 ] o.s.c.s.m.DirectWithAttributesChannel    : Channel 'order-cart-service.springCloudBusInput' has 1 subscriber(s).
2025-08-18T12:46:40.066+05:30  INFO 19596 --- [order-cart-service] [main] [                                                 ] DiscoveryClientOptionalArgsConfiguration : Eureka HTTP Client uses RestTemplate.
2025-08-18T12:46:40.260+05:30  WARN 19596 --- [order-cart-service] [main] [                                                 ] iguration$LoadBalancerCaffeineWarnLogger : Spring Cloud LoadBalancer is currently working with the default cache. While this cache implementation is useful for development and tests, it's recommended to use Caffeine cache in production.You can switch to using Caffeine cache, by adding it and org.springframework.cache.caffeine.CaffeineCacheManager to the classpath.
2025-08-18T12:46:40.295+05:30  INFO 19596 --- [order-cart-service] [main] [                                                 ] o.s.b.a.e.web.EndpointLinksResolver      : Exposing 25 endpoints beneath base path '/actuator'
2025-08-18T12:46:40.882+05:30  INFO 19596 --- [order-cart-service] [main] [                                                 ] o.s.i.endpoint.EventDrivenConsumer       : Adding {logging-channel-adapter:_org.springframework.integration.errorLogger} as a subscriber to the 'errorChannel' channel
2025-08-18T12:46:40.882+05:30  INFO 19596 --- [order-cart-service] [main] [                                                 ] o.s.i.channel.PublishSubscribeChannel    : Channel 'order-cart-service.errorChannel' has 1 subscriber(s).
2025-08-18T12:46:40.883+05:30  INFO 19596 --- [order-cart-service] [main] [                                                 ] o.s.i.endpoint.EventDrivenConsumer       : started bean '_org.springframework.integration.errorLogger'
2025-08-18T12:46:41.050+05:30  INFO 19596 --- [order-cart-service] [main] [                                                 ] o.s.c.n.eureka.InstanceInfoFactory       : Setting initial instance status as: STARTING
2025-08-18T12:46:41.121+05:30  INFO 19596 --- [order-cart-service] [main] [                                                 ] com.netflix.discovery.DiscoveryClient    : Initializing Eureka in region us-east-1
2025-08-18T12:46:41.129+05:30  INFO 19596 --- [order-cart-service] [main] [                                                 ] c.n.d.s.r.aws.ConfigClusterResolver      : Resolving eureka endpoints via configuration
2025-08-18T12:46:41.146+05:30  INFO 19596 --- [order-cart-service] [main] [                                                 ] com.netflix.discovery.DiscoveryClient    : Disable delta property : false
2025-08-18T12:46:41.147+05:30  INFO 19596 --- [order-cart-service] [main] [                                                 ] com.netflix.discovery.DiscoveryClient    : Single vip registry refresh property : null
2025-08-18T12:46:41.147+05:30  INFO 19596 --- [order-cart-service] [main] [                                                 ] com.netflix.discovery.DiscoveryClient    : Force full registry fetch : false
2025-08-18T12:46:41.147+05:30  INFO 19596 --- [order-cart-service] [main] [                                                 ] com.netflix.discovery.DiscoveryClient    : Application is null : false
2025-08-18T12:46:41.147+05:30  INFO 19596 --- [order-cart-service] [main] [                                                 ] com.netflix.discovery.DiscoveryClient    : Registered Applications size is zero : true
2025-08-18T12:46:41.148+05:30  INFO 19596 --- [order-cart-service] [main] [                                                 ] com.netflix.discovery.DiscoveryClient    : Application version is -1: true
2025-08-18T12:46:41.148+05:30  INFO 19596 --- [order-cart-service] [main] [                                                 ] com.netflix.discovery.DiscoveryClient    : Getting all instance registry info from the eureka server
2025-08-18T12:46:41.739+05:30  INFO 19596 --- [order-cart-service] [main] [                                                 ] com.netflix.discovery.DiscoveryClient    : The response status is 200
2025-08-18T12:46:41.743+05:30  INFO 19596 --- [order-cart-service] [main] [                                                 ] com.netflix.discovery.DiscoveryClient    : Starting heartbeat executor: renew interval is: 30
2025-08-18T12:46:41.747+05:30  INFO 19596 --- [order-cart-service] [main] [                                                 ] c.n.discovery.InstanceInfoReplicator     : InstanceInfoReplicator onDemand update allowed rate per min is 4
2025-08-18T12:46:41.750+05:30  INFO 19596 --- [order-cart-service] [main] [                                                 ] com.netflix.discovery.DiscoveryClient    : Discovery Client initialized at timestamp 1755501401750 with initial instances count: 3
2025-08-18T12:46:41.758+05:30  INFO 19596 --- [order-cart-service] [main] [                                                 ] o.s.c.n.e.s.EurekaServiceRegistry        : Registering application ORDER-CART-SERVICE with eureka with status UP
2025-08-18T12:46:41.760+05:30  INFO 19596 --- [order-cart-service] [main] [                                                 ] com.netflix.discovery.DiscoveryClient    : Saw local status change event StatusChangeEvent [timestamp=1755501401760, current=UP, previous=STARTING]
2025-08-18T12:46:41.767+05:30  INFO 19596 --- [order-cart-service] [main] [                                                 ] o.s.c.s.binder.DefaultBinderFactory      : Creating binder: rabbit
2025-08-18T12:46:41.767+05:30  INFO 19596 --- [order-cart-service] [DiscoveryClient-InstanceInfoReplicator-%d] [                                                 ] com.netflix.discovery.DiscoveryClient    : DiscoveryClient_ORDER-CART-SERVICE/DESKTOP-IEJSSAR.mshome.net:order-cart-service:8083: registering service...
2025-08-18T12:46:41.768+05:30  INFO 19596 --- [order-cart-service] [main] [                                                 ] o.s.c.s.binder.DefaultBinderFactory      : Constructing binder child context for rabbit
2025-08-18T12:46:41.914+05:30  INFO 19596 --- [order-cart-service] [DiscoveryClient-InstanceInfoReplicator-%d] [                                                 ] com.netflix.discovery.DiscoveryClient    : DiscoveryClient_ORDER-CART-SERVICE/DESKTOP-IEJSSAR.mshome.net:order-cart-service:8083 - registration status: 204
2025-08-18T12:46:42.101+05:30  INFO 19596 --- [order-cart-service] [main] [                                                 ] o.s.c.s.binder.DefaultBinderFactory      : Caching the binder: rabbit
2025-08-18T12:46:42.138+05:30  INFO 19596 --- [order-cart-service] [main] [                                                 ] c.s.b.r.p.RabbitExchangeQueueProvisioner : declaring queue for inbound: springCloudBus.anonymous.Kdy8OFacTHiO3J-JEGKYGg, bound to: springCloudBus
2025-08-18T12:46:42.155+05:30  INFO 19596 --- [order-cart-service] [main] [                                                 ] o.s.a.r.c.CachingConnectionFactory       : Attempting to connect to: [localhost:5672]
2025-08-18T12:46:42.480+05:30  INFO 19596 --- [order-cart-service] [main] [                                                 ] o.s.a.r.c.CachingConnectionFactory       : Created new connection: rabbitConnectionFactory#52a42e0f:0/SimpleConnection@6b2d01e2 [delegate=amqp://guest@127.0.0.1:5672/, localPort=56580]
2025-08-18T12:46:42.789+05:30  INFO 19596 --- [order-cart-service] [main] [                                                 ] o.s.c.stream.binder.BinderErrorChannel   : Channel 'rabbit-2015159936.springCloudBusInput.errors' has 1 subscriber(s).
2025-08-18T12:46:42.791+05:30  INFO 19596 --- [order-cart-service] [main] [                                                 ] o.s.c.stream.binder.BinderErrorChannel   : Channel 'rabbit-2015159936.springCloudBusInput.errors' has 2 subscriber(s).
2025-08-18T12:46:42.852+05:30  INFO 19596 --- [order-cart-service] [main] [                                                 ] o.s.i.a.i.AmqpInboundChannelAdapter      : started bean 'inbound.springCloudBus.anonymous.Kdy8OFacTHiO3J-JEGKYGg'
2025-08-18T12:46:42.895+05:30  INFO 19596 --- [order-cart-service] [main] [                                                 ] o.s.b.w.embedded.tomcat.TomcatWebServer  : Tomcat started on port 8083 (http) with context path '/'
2025-08-18T12:46:42.906+05:30  INFO 19596 --- [order-cart-service] [main] [                                                 ] .s.c.n.e.s.EurekaAutoServiceRegistration : Updating port to 8083
2025-08-18T12:46:43.176+05:30  INFO 19596 --- [order-cart-service] [main] [                                                 ] com.ecommerce.order.OrderApplication     : Started OrderApplication in 55.888 seconds (process running for 58.913)
2025-08-18T12:46:45.146+05:30  INFO 19596 --- [order-cart-service] [http-nio-8083-exec-1] [                                                 ] o.a.c.c.C.[Tomcat].[localhost].[/]       : Initializing Spring DispatcherServlet 'dispatcherServlet'
2025-08-18T12:46:45.146+05:30  INFO 19596 --- [order-cart-service] [http-nio-8083-exec-1] [                                                 ] o.s.web.servlet.DispatcherServlet        : Initializing Servlet 'dispatcherServlet'
2025-08-18T12:46:45.152+05:30  INFO 19596 --- [order-cart-service] [http-nio-8083-exec-1] [                                                 ] o.s.web.servlet.DispatcherServlet        : Completed initialization in 4 ms
2025-08-18T12:51:41.175+05:30  INFO 19596 --- [order-cart-service] [AsyncResolver-bootstrap-executor-%d] [                                                 ] c.n.d.s.r.aws.ConfigClusterResolver      : Resolving eureka endpoints via configuration
2025-08-18T12:56:41.246+05:30  INFO 19596 --- [order-cart-service] [AsyncResolver-bootstrap-executor-%d] [                                                 ] c.n.d.s.r.aws.ConfigClusterResolver      : Resolving eureka endpoints via configuration
2025-08-18T13:01:41.274+05:30  INFO 19596 --- [order-cart-service] [AsyncResolver-bootstrap-executor-%d] [                                                 ] c.n.d.s.r.aws.ConfigClusterResolver      : Resolving eureka endpoints via configuration
2025-08-18T13:06:41.327+05:30  INFO 19596 --- [order-cart-service] [AsyncResolver-bootstrap-executor-%d] [                                                 ] c.n.d.s.r.aws.ConfigClusterResolver      : Resolving eureka endpoints via configuration
2025-08-18T13:11:41.346+05:30  INFO 19596 --- [order-cart-service] [AsyncResolver-bootstrap-executor-%d] [                                                 ] c.n.d.s.r.aws.ConfigClusterResolver      : Resolving eureka endpoints via configuration
2025-08-18T13:16:41.359+05:30  INFO 19596 --- [order-cart-service] [AsyncResolver-bootstrap-executor-%d] [                                                 ] c.n.d.s.r.aws.ConfigClusterResolver      : Resolving eureka endpoints via configuration
2025-08-18T13:21:41.379+05:30  INFO 19596 --- [order-cart-service] [AsyncResolver-bootstrap-executor-%d] [                                                 ] c.n.d.s.r.aws.ConfigClusterResolver      : Resolving eureka endpoints via configuration
2025-08-18T13:26:41.483+05:30  INFO 19596 --- [order-cart-service] [AsyncResolver-bootstrap-executor-%d] [                                                 ] c.n.d.s.r.aws.ConfigClusterResolver      : Resolving eureka endpoints via configuration
2025-08-18T13:27:27.910+05:30  WARN 19596 --- [order-cart-service] [AsyncReporter{ZipkinHttpClientSender{http://localhost:9411/api/v2/spans}}] [                                                 ] z.r.i.AsyncReporter$BoundedAsyncReporter : Spans were dropped due to exceptions. All subsequent errors will be logged at FINE level.
2025-08-18T13:27:27.911+05:30  WARN 19596 --- [order-cart-service] [AsyncReporter{ZipkinHttpClientSender{http://localhost:9411/api/v2/spans}}] [                                                 ] z.r.i.AsyncReporter$BoundedAsyncReporter : Dropped 1 spans due to HttpTimeoutException(request timed out)

java.net.http.HttpTimeoutException: request timed out
	at java.net.http/jdk.internal.net.http.HttpClientImpl.send(HttpClientImpl.java:953) ~[java.net.http:na]
	at java.net.http/jdk.internal.net.http.HttpClientFacade.send(HttpClientFacade.java:133) ~[java.net.http:na]
	at org.springframework.boot.actuate.autoconfigure.tracing.zipkin.ZipkinHttpClientSender.postSpans(ZipkinHttpClientSender.java:60) ~[spring-boot-actuator-autoconfigure-3.5.4.jar:3.5.4]
	at org.springframework.boot.actuate.autoconfigure.tracing.zipkin.HttpSender.postSpans(HttpSender.java:69) ~[spring-boot-actuator-autoconfigure-3.5.4.jar:3.5.4]
	at org.springframework.boot.actuate.autoconfigure.tracing.zipkin.HttpSender.postSpans(HttpSender.java:41) ~[spring-boot-actuator-autoconfigure-3.5.4.jar:3.5.4]
	at zipkin2.reporter.BaseHttpSender.send(BaseHttpSender.java:123) ~[zipkin-reporter-3.5.1.jar:na]
	at zipkin2.reporter.internal.AsyncReporter$BoundedAsyncReporter.flush(AsyncReporter.java:266) ~[zipkin-reporter-3.5.1.jar:na]
	at zipkin2.reporter.internal.AsyncReporter$Flusher.run(AsyncReporter.java:352) ~[zipkin-reporter-3.5.1.jar:na]
	at java.base/java.lang.Thread.run(Thread.java:1583) ~[na:na]

2025-08-18T13:31:41.676+05:30  INFO 19596 --- [order-cart-service] [AsyncResolver-bootstrap-executor-%d] [                                                 ] c.n.d.s.r.aws.ConfigClusterResolver      : Resolving eureka endpoints via configuration
2025-08-18T13:36:41.721+05:30  INFO 19596 --- [order-cart-service] [AsyncResolver-bootstrap-executor-%d] [                                                 ] c.n.d.s.r.aws.ConfigClusterResolver      : Resolving eureka endpoints via configuration
2025-08-18T13:41:41.810+05:30  INFO 19596 --- [order-cart-service] [AsyncResolver-bootstrap-executor-%d] [                                                 ] c.n.d.s.r.aws.ConfigClusterResolver      : Resolving eureka endpoints via configuration
2025-08-18T13:46:41.828+05:30  INFO 19596 --- [order-cart-service] [AsyncResolver-bootstrap-executor-%d] [                                                 ] c.n.d.s.r.aws.ConfigClusterResolver      : Resolving eureka endpoints via configuration
2025-08-18T13:51:41.834+05:30  INFO 19596 --- [order-cart-service] [AsyncResolver-bootstrap-executor-%d] [                                                 ] c.n.d.s.r.aws.ConfigClusterResolver      : Resolving eureka endpoints via configuration
2025-08-18T13:56:41.865+05:30  INFO 19596 --- [order-cart-service] [AsyncResolver-bootstrap-executor-%d] [                                                 ] c.n.d.s.r.aws.ConfigClusterResolver      : Resolving eureka endpoints via configuration
2025-08-18T14:01:41.994+05:30  INFO 19596 --- [order-cart-service] [AsyncResolver-bootstrap-executor-%d] [                                                 ] c.n.d.s.r.aws.ConfigClusterResolver      : Resolving eureka endpoints via configuration
2025-08-18T14:06:43.018+05:30  INFO 19596 --- [order-cart-service] [AsyncResolver-bootstrap-executor-%d] [                                                 ] c.n.d.s.r.aws.ConfigClusterResolver      : Resolving eureka endpoints via configuration
2025-08-18T14:11:43.030+05:30  INFO 19596 --- [order-cart-service] [AsyncResolver-bootstrap-executor-%d] [                                                 ] c.n.d.s.r.aws.ConfigClusterResolver      : Resolving eureka endpoints via configuration
2025-08-18T14:16:43.086+05:30  INFO 19596 --- [order-cart-service] [AsyncResolver-bootstrap-executor-%d] [                                                 ] c.n.d.s.r.aws.ConfigClusterResolver      : Resolving eureka endpoints via configuration
2025-08-18T14:21:43.141+05:30  INFO 19596 --- [order-cart-service] [AsyncResolver-bootstrap-executor-%d] [                                                 ] c.n.d.s.r.aws.ConfigClusterResolver      : Resolving eureka endpoints via configuration
