2025-08-17T15:20:31.904+05:30  INFO 860 --- [order-&-cart-service] [main] [                                                 ] com.ecommerce.order.OrderApplication     : Starting OrderApplication using Java 21.0.8 with PID 860 (C:\Users\pc\Desktop\Ecom-Microservices\Microservices with Eureka Server Registry\order\target\classes started by pc in C:\Users\pc\Desktop\Ecom-Microservices\Microservices with Eureka Server Registry)
2025-08-17T15:20:31.914+05:30  INFO 860 --- [order-&-cart-service] [main] [                                                 ] com.ecommerce.order.OrderApplication     : No active profile set, falling back to 1 default profile: "default"
2025-08-17T15:20:32.040+05:30  INFO 860 --- [order-&-cart-service] [main] [                                                 ] o.s.c.c.c.ConfigServerConfigDataLoader   : Fetching config from server at : http://localhost:8888
2025-08-17T15:20:32.040+05:30  INFO 860 --- [order-&-cart-service] [main] [                                                 ] o.s.c.c.c.ConfigServerConfigDataLoader   : Located environment: name=order-&-cart-service, profiles=[default], label=null, version=null, state=null
2025-08-17T15:20:38.076+05:30  INFO 860 --- [order-&-cart-service] [main] [                                                 ] .s.d.r.c.RepositoryConfigurationDelegate : Bootstrapping Spring Data JPA repositories in DEFAULT mode.
2025-08-17T15:20:38.671+05:30  INFO 860 --- [order-&-cart-service] [main] [                                                 ] .s.d.r.c.RepositoryConfigurationDelegate : Finished Spring Data repository scanning in 551 ms. Found 2 JPA repository interfaces.
2025-08-17T15:20:40.006+05:30  INFO 860 --- [order-&-cart-service] [main] [                                                 ] faultConfiguringBeanFactoryPostProcessor : No bean named 'errorChannel' has been explicitly defined. Therefore, a default PublishSubscribeChannel will be created.
2025-08-17T15:20:40.045+05:30  INFO 860 --- [order-&-cart-service] [main] [                                                 ] faultConfiguringBeanFactoryPostProcessor : No bean named 'integrationHeaderChannelRegistry' has been explicitly defined. Therefore, a default DefaultHeaderChannelRegistry will be created.
2025-08-17T15:20:40.814+05:30  INFO 860 --- [order-&-cart-service] [main] [                                                 ] o.s.cloud.context.scope.GenericScope     : BeanFactory id=df609f6f-cb00-32a9-bdbb-88046024cd5b
2025-08-17T15:20:43.454+05:30  INFO 860 --- [order-&-cart-service] [main] [                                                 ] o.s.b.w.embedded.tomcat.TomcatWebServer  : Tomcat initialized with port 8083 (http)
2025-08-17T15:20:43.548+05:30  INFO 860 --- [order-&-cart-service] [main] [                                                 ] o.apache.catalina.core.StandardService   : Starting service [Tomcat]
2025-08-17T15:20:43.550+05:30  INFO 860 --- [order-&-cart-service] [main] [                                                 ] o.apache.catalina.core.StandardEngine    : Starting Servlet engine: [Apache Tomcat/10.1.43]
2025-08-17T15:20:44.185+05:30  INFO 860 --- [order-&-cart-service] [main] [                                                 ] o.a.c.c.C.[Tomcat].[localhost].[/]       : Initializing Spring embedded WebApplicationContext
2025-08-17T15:20:44.187+05:30  INFO 860 --- [order-&-cart-service] [main] [                                                 ] w.s.c.ServletWebServerApplicationContext : Root WebApplicationContext: initialization completed in 12140 ms
2025-08-17T15:20:47.928+05:30  INFO 860 --- [order-&-cart-service] [main] [                                                 ] o.hibernate.jpa.internal.util.LogHelper  : HHH000204: Processing PersistenceUnitInfo [name: default]
2025-08-17T15:20:48.213+05:30  INFO 860 --- [order-&-cart-service] [main] [                                                 ] org.hibernate.Version                    : HHH000412: Hibernate ORM core version 6.6.22.Final
2025-08-17T15:20:48.399+05:30  INFO 860 --- [order-&-cart-service] [main] [                                                 ] o.h.c.internal.RegionFactoryInitiator    : HHH000026: Second-level cache disabled
2025-08-17T15:20:49.658+05:30  INFO 860 --- [order-&-cart-service] [main] [                                                 ] o.s.o.j.p.SpringPersistenceUnitInfo      : No LoadTimeWeaver setup: ignoring JPA class transformer
2025-08-17T15:20:49.751+05:30  INFO 860 --- [order-&-cart-service] [main] [                                                 ] com.zaxxer.hikari.HikariDataSource       : HikariPool-1 - Starting...
2025-08-17T15:20:53.914+05:30  INFO 860 --- [order-&-cart-service] [main] [                                                 ] com.zaxxer.hikari.pool.HikariPool        : HikariPool-1 - Added connection org.postgresql.jdbc.PgConnection@48a2b492
2025-08-17T15:20:53.922+05:30  INFO 860 --- [order-&-cart-service] [main] [                                                 ] com.zaxxer.hikari.HikariDataSource       : HikariPool-1 - Start completed.
2025-08-17T15:20:54.408+05:30  WARN 860 --- [order-&-cart-service] [main] [                                                 ] org.hibernate.orm.deprecation            : HHH90000025: PostgreSQLDialect does not need to be specified explicitly using 'hibernate.dialect' (remove the property setting and it will be selected by default)
2025-08-17T15:20:55.224+05:30  INFO 860 --- [order-&-cart-service] [main] [                                                 ] org.hibernate.orm.connections.pooling    : HHH10001005: Database info:
	Database JDBC URL [Connecting through datasource 'HikariDataSource (HikariPool-1)']
	Database driver: undefined/unknown
	Database version: 17.5
	Autocommit mode: undefined/unknown
	Isolation level: undefined/unknown
	Minimum pool size: undefined/unknown
	Maximum pool size: undefined/unknown
2025-08-17T15:21:02.747+05:30  INFO 860 --- [order-&-cart-service] [main] [                                                 ] o.h.e.t.j.p.i.JtaPlatformInitiator       : HHH000489: No JTA platform available (set 'hibernate.transaction.jta.platform' to enable JTA platform integration)
2025-08-17T15:21:05.878+05:30  INFO 860 --- [order-&-cart-service] [main] [                                                 ] j.LocalContainerEntityManagerFactoryBean : Initialized JPA EntityManagerFactory for persistence unit 'default'
2025-08-17T15:21:13.981+05:30  WARN 860 --- [order-&-cart-service] [main] [                                                 ] JpaBaseConfiguration$JpaWebConfiguration : spring.jpa.open-in-view is enabled by default. Therefore, database queries may be performed during view rendering. Explicitly configure spring.jpa.open-in-view to disable this warning
2025-08-17T15:21:20.847+05:30  WARN 860 --- [order-&-cart-service] [main] [                                                 ] c.f.c.c.BeanFactoryAwareFunctionRegistry : Failed to locate function 'busConsumer' for function definition 'busConsumer'. Returning null.
2025-08-17T15:21:21.440+05:30  INFO 860 --- [order-&-cart-service] [main] [                                                 ] o.s.c.s.m.DirectWithAttributesChannel    : Channel 'order-&-cart-service.springCloudBusInput' has 1 subscriber(s).
2025-08-17T15:21:23.131+05:30  INFO 860 --- [order-&-cart-service] [main] [                                                 ] DiscoveryClientOptionalArgsConfiguration : Eureka HTTP Client uses RestTemplate.
2025-08-17T15:21:23.410+05:30  WARN 860 --- [order-&-cart-service] [main] [                                                 ] iguration$LoadBalancerCaffeineWarnLogger : Spring Cloud LoadBalancer is currently working with the default cache. While this cache implementation is useful for development and tests, it's recommended to use Caffeine cache in production.You can switch to using Caffeine cache, by adding it and org.springframework.cache.caffeine.CaffeineCacheManager to the classpath.
2025-08-17T15:21:23.476+05:30  INFO 860 --- [order-&-cart-service] [main] [                                                 ] o.s.b.a.e.web.EndpointLinksResolver      : Exposing 25 endpoints beneath base path '/actuator'
2025-08-17T15:21:24.181+05:30  INFO 860 --- [order-&-cart-service] [main] [                                                 ] o.s.i.endpoint.EventDrivenConsumer       : Adding {logging-channel-adapter:_org.springframework.integration.errorLogger} as a subscriber to the 'errorChannel' channel
2025-08-17T15:21:24.182+05:30  INFO 860 --- [order-&-cart-service] [main] [                                                 ] o.s.i.channel.PublishSubscribeChannel    : Channel 'order-&-cart-service.errorChannel' has 1 subscriber(s).
2025-08-17T15:21:24.185+05:30  INFO 860 --- [order-&-cart-service] [main] [                                                 ] o.s.i.endpoint.EventDrivenConsumer       : started bean '_org.springframework.integration.errorLogger'
2025-08-17T15:21:24.433+05:30  INFO 860 --- [order-&-cart-service] [main] [                                                 ] o.s.c.n.eureka.InstanceInfoFactory       : Setting initial instance status as: STARTING
2025-08-17T15:21:24.557+05:30  INFO 860 --- [order-&-cart-service] [main] [                                                 ] com.netflix.discovery.DiscoveryClient    : Initializing Eureka in region us-east-1
2025-08-17T15:21:24.669+05:30  INFO 860 --- [order-&-cart-service] [main] [                                                 ] c.n.d.s.r.aws.ConfigClusterResolver      : Resolving eureka endpoints via configuration
2025-08-17T15:21:24.739+05:30  INFO 860 --- [order-&-cart-service] [main] [                                                 ] com.netflix.discovery.DiscoveryClient    : Disable delta property : false
2025-08-17T15:21:24.743+05:30  INFO 860 --- [order-&-cart-service] [main] [                                                 ] com.netflix.discovery.DiscoveryClient    : Single vip registry refresh property : null
2025-08-17T15:21:24.744+05:30  INFO 860 --- [order-&-cart-service] [main] [                                                 ] com.netflix.discovery.DiscoveryClient    : Force full registry fetch : false
2025-08-17T15:21:24.745+05:30  INFO 860 --- [order-&-cart-service] [main] [                                                 ] com.netflix.discovery.DiscoveryClient    : Application is null : false
2025-08-17T15:21:24.747+05:30  INFO 860 --- [order-&-cart-service] [main] [                                                 ] com.netflix.discovery.DiscoveryClient    : Registered Applications size is zero : true
2025-08-17T15:21:24.747+05:30  INFO 860 --- [order-&-cart-service] [main] [                                                 ] com.netflix.discovery.DiscoveryClient    : Application version is -1: true
2025-08-17T15:21:24.749+05:30  INFO 860 --- [order-&-cart-service] [main] [                                                 ] com.netflix.discovery.DiscoveryClient    : Getting all instance registry info from the eureka server
2025-08-17T15:21:26.048+05:30  INFO 860 --- [order-&-cart-service] [main] [                                                 ] com.netflix.discovery.DiscoveryClient    : The response status is 200
2025-08-17T15:21:26.057+05:30  INFO 860 --- [order-&-cart-service] [main] [                                                 ] com.netflix.discovery.DiscoveryClient    : Starting heartbeat executor: renew interval is: 30
2025-08-17T15:21:26.063+05:30  INFO 860 --- [order-&-cart-service] [main] [                                                 ] c.n.discovery.InstanceInfoReplicator     : InstanceInfoReplicator onDemand update allowed rate per min is 4
2025-08-17T15:21:26.068+05:30  INFO 860 --- [order-&-cart-service] [main] [                                                 ] com.netflix.discovery.DiscoveryClient    : Discovery Client initialized at timestamp 1755424286067 with initial instances count: 1
2025-08-17T15:21:26.106+05:30  INFO 860 --- [order-&-cart-service] [main] [                                                 ] o.s.c.n.e.s.EurekaServiceRegistry        : Registering application ORDER-&-CART-SERVICE with eureka with status UP
2025-08-17T15:21:26.110+05:30  INFO 860 --- [order-&-cart-service] [main] [                                                 ] com.netflix.discovery.DiscoveryClient    : Saw local status change event StatusChangeEvent [timestamp=1755424286110, current=UP, previous=STARTING]
2025-08-17T15:21:26.130+05:30  INFO 860 --- [order-&-cart-service] [main] [                                                 ] o.s.c.s.binder.DefaultBinderFactory      : Creating binder: rabbit
2025-08-17T15:21:26.131+05:30  INFO 860 --- [order-&-cart-service] [main] [                                                 ] o.s.c.s.binder.DefaultBinderFactory      : Constructing binder child context for rabbit
2025-08-17T15:21:26.338+05:30  INFO 860 --- [order-&-cart-service] [DiscoveryClient-InstanceInfoReplicator-%d] [                                                 ] com.netflix.discovery.DiscoveryClient    : DiscoveryClient_ORDER-&-CART-SERVICE/DESKTOP-IEJSSAR.mshome.net:order-&-cart-service:8083: registering service...
2025-08-17T15:21:26.648+05:30  INFO 860 --- [order-&-cart-service] [DiscoveryClient-InstanceInfoReplicator-%d] [                                                 ] com.netflix.discovery.DiscoveryClient    : DiscoveryClient_ORDER-&-CART-SERVICE/DESKTOP-IEJSSAR.mshome.net:order-&-cart-service:8083 - registration status: 204
2025-08-17T15:21:26.816+05:30  INFO 860 --- [order-&-cart-service] [main] [                                                 ] o.s.c.s.binder.DefaultBinderFactory      : Caching the binder: rabbit
2025-08-17T15:21:26.886+05:30  INFO 860 --- [order-&-cart-service] [main] [                                                 ] c.s.b.r.p.RabbitExchangeQueueProvisioner : declaring queue for inbound: springCloudBus.anonymous.BVrlnD2mSnuoXtOzI2PDAw, bound to: springCloudBus
2025-08-17T15:21:26.928+05:30  INFO 860 --- [order-&-cart-service] [main] [                                                 ] o.s.a.r.c.CachingConnectionFactory       : Attempting to connect to: [localhost:5672]
2025-08-17T15:21:28.150+05:30  INFO 860 --- [order-&-cart-service] [main] [                                                 ] o.s.a.r.c.CachingConnectionFactory       : Created new connection: rabbitConnectionFactory#4f7bc46e:0/SimpleConnection@5bc54087 [delegate=amqp://guest@127.0.0.1:5672/, localPort=61435]
2025-08-17T15:21:28.427+05:30  INFO 860 --- [order-&-cart-service] [main] [                                                 ] o.s.c.stream.binder.BinderErrorChannel   : Channel 'rabbit-1523948525.springCloudBusInput.errors' has 1 subscriber(s).
2025-08-17T15:21:28.444+05:30  INFO 860 --- [order-&-cart-service] [main] [                                                 ] o.s.c.stream.binder.BinderErrorChannel   : Channel 'rabbit-1523948525.springCloudBusInput.errors' has 2 subscriber(s).
2025-08-17T15:21:28.632+05:30  INFO 860 --- [order-&-cart-service] [main] [                                                 ] o.s.i.a.i.AmqpInboundChannelAdapter      : started bean 'inbound.springCloudBus.anonymous.BVrlnD2mSnuoXtOzI2PDAw'
2025-08-17T15:21:28.682+05:30  INFO 860 --- [order-&-cart-service] [main] [                                                 ] o.s.b.w.embedded.tomcat.TomcatWebServer  : Tomcat started on port 8083 (http) with context path '/'
2025-08-17T15:21:28.685+05:30  INFO 860 --- [order-&-cart-service] [main] [                                                 ] .s.c.n.e.s.EurekaAutoServiceRegistration : Updating port to 8083
2025-08-17T15:21:29.077+05:30  INFO 860 --- [order-&-cart-service] [main] [                                                 ] com.ecommerce.order.OrderApplication     : Started OrderApplication in 61.769 seconds (process running for 66.722)
2025-08-17T15:21:29.741+05:30  INFO 860 --- [order-&-cart-service] [http-nio-8083-exec-1] [                                                 ] o.a.c.c.C.[Tomcat].[localhost].[/]       : Initializing Spring DispatcherServlet 'dispatcherServlet'
2025-08-17T15:21:29.742+05:30  INFO 860 --- [order-&-cart-service] [http-nio-8083-exec-1] [                                                 ] o.s.web.servlet.DispatcherServlet        : Initializing Servlet 'dispatcherServlet'
2025-08-17T15:21:29.773+05:30  INFO 860 --- [order-&-cart-service] [http-nio-8083-exec-1] [                                                 ] o.s.web.servlet.DispatcherServlet        : Completed initialization in 28 ms
2025-08-17T15:26:24.762+05:30  INFO 860 --- [order-&-cart-service] [AsyncResolver-bootstrap-executor-%d] [                                                 ] c.n.d.s.r.aws.ConfigClusterResolver      : Resolving eureka endpoints via configuration
2025-08-17T15:31:24.802+05:30  INFO 860 --- [order-&-cart-service] [AsyncResolver-bootstrap-executor-%d] [                                                 ] c.n.d.s.r.aws.ConfigClusterResolver      : Resolving eureka endpoints via configuration
2025-08-17T15:36:24.826+05:30  INFO 860 --- [order-&-cart-service] [AsyncResolver-bootstrap-executor-%d] [                                                 ] c.n.d.s.r.aws.ConfigClusterResolver      : Resolving eureka endpoints via configuration
2025-08-17T15:41:24.858+05:30  INFO 860 --- [order-&-cart-service] [AsyncResolver-bootstrap-executor-%d] [                                                 ] c.n.d.s.r.aws.ConfigClusterResolver      : Resolving eureka endpoints via configuration
2025-08-17T15:46:24.926+05:30  INFO 860 --- [order-&-cart-service] [AsyncResolver-bootstrap-executor-%d] [                                                 ] c.n.d.s.r.aws.ConfigClusterResolver      : Resolving eureka endpoints via configuration
2025-08-17T15:51:24.937+05:30  INFO 860 --- [order-&-cart-service] [AsyncResolver-bootstrap-executor-%d] [                                                 ] c.n.d.s.r.aws.ConfigClusterResolver      : Resolving eureka endpoints via configuration
2025-08-17T15:56:24.964+05:30  INFO 860 --- [order-&-cart-service] [AsyncResolver-bootstrap-executor-%d] [                                                 ] c.n.d.s.r.aws.ConfigClusterResolver      : Resolving eureka endpoints via configuration
2025-08-17T16:01:24.997+05:30  INFO 860 --- [order-&-cart-service] [AsyncResolver-bootstrap-executor-%d] [                                                 ] c.n.d.s.r.aws.ConfigClusterResolver      : Resolving eureka endpoints via configuration
2025-08-17T16:06:25.041+05:30  INFO 860 --- [order-&-cart-service] [AsyncResolver-bootstrap-executor-%d] [                                                 ] c.n.d.s.r.aws.ConfigClusterResolver      : Resolving eureka endpoints via configuration
2025-08-17T16:11:25.063+05:30  INFO 860 --- [order-&-cart-service] [AsyncResolver-bootstrap-executor-%d] [                                                 ] c.n.d.s.r.aws.ConfigClusterResolver      : Resolving eureka endpoints via configuration
2025-08-17T16:16:25.143+05:30  INFO 860 --- [order-&-cart-service] [AsyncResolver-bootstrap-executor-%d] [                                                 ] c.n.d.s.r.aws.ConfigClusterResolver      : Resolving eureka endpoints via configuration
2025-08-17T16:21:25.218+05:30  INFO 860 --- [order-&-cart-service] [AsyncResolver-bootstrap-executor-%d] [                                                 ] c.n.d.s.r.aws.ConfigClusterResolver      : Resolving eureka endpoints via configuration
2025-08-17T16:26:25.326+05:30  INFO 860 --- [order-&-cart-service] [AsyncResolver-bootstrap-executor-%d] [                                                 ] c.n.d.s.r.aws.ConfigClusterResolver      : Resolving eureka endpoints via configuration
2025-08-17T16:31:25.396+05:30  INFO 860 --- [order-&-cart-service] [AsyncResolver-bootstrap-executor-%d] [                                                 ] c.n.d.s.r.aws.ConfigClusterResolver      : Resolving eureka endpoints via configuration
2025-08-17T16:36:25.893+05:30  INFO 860 --- [order-&-cart-service] [AsyncResolver-bootstrap-executor-%d] [                                                 ] c.n.d.s.r.aws.ConfigClusterResolver      : Resolving eureka endpoints via configuration
2025-08-17T16:41:27.227+05:30  INFO 860 --- [order-&-cart-service] [AsyncResolver-bootstrap-executor-%d] [                                                 ] c.n.d.s.r.aws.ConfigClusterResolver      : Resolving eureka endpoints via configuration
2025-08-17T16:46:27.273+05:30  INFO 860 --- [order-&-cart-service] [AsyncResolver-bootstrap-executor-%d] [                                                 ] c.n.d.s.r.aws.ConfigClusterResolver      : Resolving eureka endpoints via configuration
2025-08-17T16:51:27.307+05:30  INFO 860 --- [order-&-cart-service] [AsyncResolver-bootstrap-executor-%d] [                                                 ] c.n.d.s.r.aws.ConfigClusterResolver      : Resolving eureka endpoints via configuration
2025-08-17T16:56:27.321+05:30  INFO 860 --- [order-&-cart-service] [AsyncResolver-bootstrap-executor-%d] [                                                 ] c.n.d.s.r.aws.ConfigClusterResolver      : Resolving eureka endpoints via configuration
2025-08-17T17:01:27.398+05:30  INFO 860 --- [order-&-cart-service] [AsyncResolver-bootstrap-executor-%d] [                                                 ] c.n.d.s.r.aws.ConfigClusterResolver      : Resolving eureka endpoints via configuration
2025-08-17T17:06:22.152+05:30  INFO 860 --- [order-&-cart-service] [SpringApplicationShutdownHook] [                                                 ] o.s.c.n.e.s.EurekaServiceRegistry        : Unregistering application ORDER-&-CART-SERVICE with eureka with status DOWN
2025-08-17T17:06:22.165+05:30  INFO 860 --- [order-&-cart-service] [SpringApplicationShutdownHook] [                                                 ] com.netflix.discovery.DiscoveryClient    : Saw local status change event StatusChangeEvent [timestamp=1755430582165, current=DOWN, previous=UP]
2025-08-17T17:06:22.300+05:30  INFO 860 --- [order-&-cart-service] [DiscoveryClient-InstanceInfoReplicator-%d] [                                                 ] com.netflix.discovery.DiscoveryClient    : DiscoveryClient_ORDER-&-CART-SERVICE/DESKTOP-IEJSSAR.mshome.net:order-&-cart-service:8083: registering service...
2025-08-17T17:06:23.058+05:30  INFO 860 --- [order-&-cart-service] [DiscoveryClient-InstanceInfoReplicator-%d] [                                                 ] com.netflix.discovery.DiscoveryClient    : DiscoveryClient_ORDER-&-CART-SERVICE/DESKTOP-IEJSSAR.mshome.net:order-&-cart-service:8083 - registration status: 204
2025-08-17T17:06:23.594+05:30  INFO 860 --- [order-&-cart-service] [SpringApplicationShutdownHook] [                                                 ] o.s.b.w.e.tomcat.GracefulShutdown        : Commencing graceful shutdown. Waiting for active requests to complete
2025-08-17T17:06:23.925+05:30  INFO 860 --- [order-&-cart-service] [tomcat-shutdown] [                                                 ] o.s.b.w.e.tomcat.GracefulShutdown        : Graceful shutdown complete
2025-08-17T17:06:24.472+05:30  INFO 860 --- [order-&-cart-service] [SpringApplicationShutdownHook] [                                                 ] o.s.a.r.l.SimpleMessageListenerContainer : Waiting for workers to finish.
2025-08-17T17:06:24.694+05:30  INFO 860 --- [order-&-cart-service] [SpringApplicationShutdownHook] [                                                 ] o.s.a.r.l.SimpleMessageListenerContainer : Successfully waited for workers to finish.
2025-08-17T17:06:25.108+05:30  INFO 860 --- [order-&-cart-service] [SpringApplicationShutdownHook] [                                                 ] o.s.i.a.i.AmqpInboundChannelAdapter      : stopped bean 'inbound.springCloudBus.anonymous.BVrlnD2mSnuoXtOzI2PDAw'
2025-08-17T17:06:25.369+05:30  INFO 860 --- [order-&-cart-service] [SpringApplicationShutdownHook] [                                                 ] o.s.c.stream.binder.BinderErrorChannel   : Channel 'order-&-cart-service.rabbit-1523948525.springCloudBusInput.errors' has 1 subscriber(s).
2025-08-17T17:06:25.392+05:30  INFO 860 --- [order-&-cart-service] [SpringApplicationShutdownHook] [                                                 ] o.s.c.stream.binder.BinderErrorChannel   : Channel 'order-&-cart-service.rabbit-1523948525.springCloudBusInput.errors' has 0 subscriber(s).
2025-08-17T17:06:26.899+05:30  INFO 860 --- [order-&-cart-service] [SpringApplicationShutdownHook] [                                                 ] o.s.i.endpoint.EventDrivenConsumer       : Removing {logging-channel-adapter:_org.springframework.integration.errorLogger} as a subscriber to the 'errorChannel' channel
2025-08-17T17:06:26.906+05:30  INFO 860 --- [order-&-cart-service] [SpringApplicationShutdownHook] [                                                 ] o.s.i.channel.PublishSubscribeChannel    : Channel 'order-&-cart-service.errorChannel' has 0 subscriber(s).
2025-08-17T17:06:26.914+05:30  INFO 860 --- [order-&-cart-service] [SpringApplicationShutdownHook] [                                                 ] o.s.i.endpoint.EventDrivenConsumer       : stopped bean '_org.springframework.integration.errorLogger'
2025-08-17T17:06:27.283+05:30  INFO 860 --- [order-&-cart-service] [SpringApplicationShutdownHook] [                                                 ] j.LocalContainerEntityManagerFactoryBean : Closing JPA EntityManagerFactory for persistence unit 'default'
2025-08-17T17:06:27.468+05:30  INFO 860 --- [order-&-cart-service] [AsyncResolver-bootstrap-executor-%d] [                                                 ] c.n.d.s.r.aws.ConfigClusterResolver      : Resolving eureka endpoints via configuration
2025-08-17T17:06:27.534+05:30  INFO 860 --- [order-&-cart-service] [SpringApplicationShutdownHook] [                                                 ] com.zaxxer.hikari.HikariDataSource       : HikariPool-1 - Shutdown initiated...
2025-08-17T17:06:30.601+05:30  INFO 860 --- [order-&-cart-service] [SpringApplicationShutdownHook] [                                                 ] com.zaxxer.hikari.HikariDataSource       : HikariPool-1 - Shutdown completed.
2025-08-17T17:06:31.303+05:30  INFO 860 --- [order-&-cart-service] [SpringApplicationShutdownHook] [                                                 ] com.netflix.discovery.DiscoveryClient    : Shutting down DiscoveryClient ...
2025-08-17T17:06:34.349+05:30  INFO 860 --- [order-&-cart-service] [SpringApplicationShutdownHook] [                                                 ] com.netflix.discovery.DiscoveryClient    : Unregistering ...
2025-08-17T17:06:35.889+05:30  INFO 860 --- [order-&-cart-service] [SpringApplicationShutdownHook] [                                                 ] com.netflix.discovery.DiscoveryClient    : DiscoveryClient_ORDER-&-CART-SERVICE/DESKTOP-IEJSSAR.mshome.net:order-&-cart-service:8083 - deregister  status: 200
2025-08-17T17:06:35.894+05:30  INFO 860 --- [order-&-cart-service] [SpringApplicationShutdownHook] [                                                 ] com.netflix.discovery.DiscoveryClient    : Completed shut down of DiscoveryClient
2025-08-17T17:11:24.794+05:30  INFO 14388 --- [order-&-cart-service] [main] [                                                 ] com.ecommerce.order.OrderApplication     : Starting OrderApplication using Java 21.0.8 with PID 14388 (C:\Users\pc\Desktop\Ecom-Microservices\Microservices with Eureka Server Registry\order\target\classes started by pc in C:\Users\pc\Desktop\Ecom-Microservices\Microservices with Eureka Server Registry)
2025-08-17T17:11:24.822+05:30  INFO 14388 --- [order-&-cart-service] [main] [                                                 ] com.ecommerce.order.OrderApplication     : No active profile set, falling back to 1 default profile: "default"
2025-08-17T17:11:25.151+05:30  INFO 14388 --- [order-&-cart-service] [main] [                                                 ] o.s.c.c.c.ConfigServerConfigDataLoader   : Fetching config from server at : http://localhost:8888
2025-08-17T17:11:25.155+05:30  INFO 14388 --- [order-&-cart-service] [main] [                                                 ] o.s.c.c.c.ConfigServerConfigDataLoader   : Located environment: name=order-&-cart-service, profiles=[default], label=null, version=null, state=null
2025-08-17T17:11:32.824+05:30  INFO 14388 --- [order-&-cart-service] [main] [                                                 ] .s.d.r.c.RepositoryConfigurationDelegate : Bootstrapping Spring Data JPA repositories in DEFAULT mode.
2025-08-17T17:11:33.556+05:30  INFO 14388 --- [order-&-cart-service] [main] [                                                 ] .s.d.r.c.RepositoryConfigurationDelegate : Finished Spring Data repository scanning in 657 ms. Found 2 JPA repository interfaces.
2025-08-17T17:11:34.832+05:30  INFO 14388 --- [order-&-cart-service] [main] [                                                 ] faultConfiguringBeanFactoryPostProcessor : No bean named 'errorChannel' has been explicitly defined. Therefore, a default PublishSubscribeChannel will be created.
2025-08-17T17:11:34.892+05:30  INFO 14388 --- [order-&-cart-service] [main] [                                                 ] faultConfiguringBeanFactoryPostProcessor : No bean named 'integrationHeaderChannelRegistry' has been explicitly defined. Therefore, a default DefaultHeaderChannelRegistry will be created.
2025-08-17T17:11:35.454+05:30  INFO 14388 --- [order-&-cart-service] [main] [                                                 ] o.s.cloud.context.scope.GenericScope     : BeanFactory id=df609f6f-cb00-32a9-bdbb-88046024cd5b
2025-08-17T17:11:37.770+05:30  INFO 14388 --- [order-&-cart-service] [main] [                                                 ] o.s.b.w.embedded.tomcat.TomcatWebServer  : Tomcat initialized with port 8083 (http)
2025-08-17T17:11:37.854+05:30  INFO 14388 --- [order-&-cart-service] [main] [                                                 ] o.apache.catalina.core.StandardService   : Starting service [Tomcat]
2025-08-17T17:11:37.856+05:30  INFO 14388 --- [order-&-cart-service] [main] [                                                 ] o.apache.catalina.core.StandardEngine    : Starting Servlet engine: [Apache Tomcat/10.1.43]
2025-08-17T17:11:38.324+05:30  INFO 14388 --- [order-&-cart-service] [main] [                                                 ] o.a.c.c.C.[Tomcat].[localhost].[/]       : Initializing Spring embedded WebApplicationContext
2025-08-17T17:11:38.326+05:30  INFO 14388 --- [order-&-cart-service] [main] [                                                 ] w.s.c.ServletWebServerApplicationContext : Root WebApplicationContext: initialization completed in 13138 ms
2025-08-17T17:11:44.275+05:30  INFO 14388 --- [order-&-cart-service] [main] [                                                 ] o.hibernate.jpa.internal.util.LogHelper  : HHH000204: Processing PersistenceUnitInfo [name: default]
2025-08-17T17:11:44.697+05:30  INFO 14388 --- [order-&-cart-service] [main] [                                                 ] org.hibernate.Version                    : HHH000412: Hibernate ORM core version 6.6.22.Final
2025-08-17T17:11:44.929+05:30  INFO 14388 --- [order-&-cart-service] [main] [                                                 ] o.h.c.internal.RegionFactoryInitiator    : HHH000026: Second-level cache disabled
2025-08-17T17:11:46.952+05:30  INFO 14388 --- [order-&-cart-service] [main] [                                                 ] o.s.o.j.p.SpringPersistenceUnitInfo      : No LoadTimeWeaver setup: ignoring JPA class transformer
2025-08-17T17:11:47.400+05:30  INFO 14388 --- [order-&-cart-service] [main] [                                                 ] com.zaxxer.hikari.HikariDataSource       : HikariPool-1 - Starting...
2025-08-17T17:11:51.245+05:30  INFO 14388 --- [order-&-cart-service] [main] [                                                 ] com.zaxxer.hikari.pool.HikariPool        : HikariPool-1 - Added connection org.postgresql.jdbc.PgConnection@7bf997e0
2025-08-17T17:11:51.255+05:30  INFO 14388 --- [order-&-cart-service] [main] [                                                 ] com.zaxxer.hikari.HikariDataSource       : HikariPool-1 - Start completed.
2025-08-17T17:11:51.727+05:30  WARN 14388 --- [order-&-cart-service] [main] [                                                 ] org.hibernate.orm.deprecation            : HHH90000025: PostgreSQLDialect does not need to be specified explicitly using 'hibernate.dialect' (remove the property setting and it will be selected by default)
2025-08-17T17:11:52.821+05:30  INFO 14388 --- [order-&-cart-service] [main] [                                                 ] org.hibernate.orm.connections.pooling    : HHH10001005: Database info:
	Database JDBC URL [Connecting through datasource 'HikariDataSource (HikariPool-1)']
	Database driver: undefined/unknown
	Database version: 17.5
	Autocommit mode: undefined/unknown
	Isolation level: undefined/unknown
	Minimum pool size: undefined/unknown
	Maximum pool size: undefined/unknown
2025-08-17T17:12:00.548+05:30  INFO 14388 --- [order-&-cart-service] [main] [                                                 ] o.h.e.t.j.p.i.JtaPlatformInitiator       : HHH000489: No JTA platform available (set 'hibernate.transaction.jta.platform' to enable JTA platform integration)
2025-08-17T17:12:03.415+05:30  INFO 14388 --- [order-&-cart-service] [main] [                                                 ] j.LocalContainerEntityManagerFactoryBean : Initialized JPA EntityManagerFactory for persistence unit 'default'
2025-08-17T17:12:07.545+05:30  WARN 14388 --- [order-&-cart-service] [main] [                                                 ] JpaBaseConfiguration$JpaWebConfiguration : spring.jpa.open-in-view is enabled by default. Therefore, database queries may be performed during view rendering. Explicitly configure spring.jpa.open-in-view to disable this warning
2025-08-17T17:12:13.743+05:30  WARN 14388 --- [order-&-cart-service] [main] [                                                 ] c.f.c.c.BeanFactoryAwareFunctionRegistry : Failed to locate function 'busConsumer' for function definition 'busConsumer'. Returning null.
2025-08-17T17:12:14.518+05:30  INFO 14388 --- [order-&-cart-service] [main] [                                                 ] o.s.c.s.m.DirectWithAttributesChannel    : Channel 'order-&-cart-service.springCloudBusInput' has 1 subscriber(s).
2025-08-17T17:12:16.328+05:30  INFO 14388 --- [order-&-cart-service] [main] [                                                 ] DiscoveryClientOptionalArgsConfiguration : Eureka HTTP Client uses RestTemplate.
2025-08-17T17:12:16.690+05:30  WARN 14388 --- [order-&-cart-service] [main] [                                                 ] iguration$LoadBalancerCaffeineWarnLogger : Spring Cloud LoadBalancer is currently working with the default cache. While this cache implementation is useful for development and tests, it's recommended to use Caffeine cache in production.You can switch to using Caffeine cache, by adding it and org.springframework.cache.caffeine.CaffeineCacheManager to the classpath.
2025-08-17T17:12:16.739+05:30  INFO 14388 --- [order-&-cart-service] [main] [                                                 ] o.s.b.a.e.web.EndpointLinksResolver      : Exposing 25 endpoints beneath base path '/actuator'
2025-08-17T17:12:17.890+05:30  INFO 14388 --- [order-&-cart-service] [main] [                                                 ] o.s.i.endpoint.EventDrivenConsumer       : Adding {logging-channel-adapter:_org.springframework.integration.errorLogger} as a subscriber to the 'errorChannel' channel
2025-08-17T17:12:17.904+05:30  INFO 14388 --- [order-&-cart-service] [main] [                                                 ] o.s.i.channel.PublishSubscribeChannel    : Channel 'order-&-cart-service.errorChannel' has 1 subscriber(s).
2025-08-17T17:12:17.922+05:30  INFO 14388 --- [order-&-cart-service] [main] [                                                 ] o.s.i.endpoint.EventDrivenConsumer       : started bean '_org.springframework.integration.errorLogger'
2025-08-17T17:12:18.563+05:30  INFO 14388 --- [order-&-cart-service] [main] [                                                 ] o.s.c.n.eureka.InstanceInfoFactory       : Setting initial instance status as: STARTING
2025-08-17T17:12:18.749+05:30  INFO 14388 --- [order-&-cart-service] [main] [                                                 ] com.netflix.discovery.DiscoveryClient    : Initializing Eureka in region us-east-1
2025-08-17T17:12:18.818+05:30  INFO 14388 --- [order-&-cart-service] [main] [                                                 ] c.n.d.s.r.aws.ConfigClusterResolver      : Resolving eureka endpoints via configuration
2025-08-17T17:12:18.912+05:30  INFO 14388 --- [order-&-cart-service] [main] [                                                 ] com.netflix.discovery.DiscoveryClient    : Disable delta property : false
2025-08-17T17:12:18.912+05:30  INFO 14388 --- [order-&-cart-service] [main] [                                                 ] com.netflix.discovery.DiscoveryClient    : Single vip registry refresh property : null
2025-08-17T17:12:18.914+05:30  INFO 14388 --- [order-&-cart-service] [main] [                                                 ] com.netflix.discovery.DiscoveryClient    : Force full registry fetch : false
2025-08-17T17:12:18.914+05:30  INFO 14388 --- [order-&-cart-service] [main] [                                                 ] com.netflix.discovery.DiscoveryClient    : Application is null : false
2025-08-17T17:12:18.915+05:30  INFO 14388 --- [order-&-cart-service] [main] [                                                 ] com.netflix.discovery.DiscoveryClient    : Registered Applications size is zero : true
2025-08-17T17:12:18.916+05:30  INFO 14388 --- [order-&-cart-service] [main] [                                                 ] com.netflix.discovery.DiscoveryClient    : Application version is -1: true
2025-08-17T17:12:18.917+05:30  INFO 14388 --- [order-&-cart-service] [main] [                                                 ] com.netflix.discovery.DiscoveryClient    : Getting all instance registry info from the eureka server
2025-08-17T17:12:21.059+05:30  INFO 14388 --- [order-&-cart-service] [main] [                                                 ] com.netflix.discovery.DiscoveryClient    : The response status is 200
2025-08-17T17:12:21.075+05:30  INFO 14388 --- [order-&-cart-service] [main] [                                                 ] com.netflix.discovery.DiscoveryClient    : Starting heartbeat executor: renew interval is: 30
2025-08-17T17:12:21.096+05:30  INFO 14388 --- [order-&-cart-service] [main] [                                                 ] c.n.discovery.InstanceInfoReplicator     : InstanceInfoReplicator onDemand update allowed rate per min is 4
2025-08-17T17:12:21.108+05:30  INFO 14388 --- [order-&-cart-service] [main] [                                                 ] com.netflix.discovery.DiscoveryClient    : Discovery Client initialized at timestamp 1755430941107 with initial instances count: 2
2025-08-17T17:12:21.125+05:30  INFO 14388 --- [order-&-cart-service] [main] [                                                 ] o.s.c.n.e.s.EurekaServiceRegistry        : Registering application ORDER-&-CART-SERVICE with eureka with status UP
2025-08-17T17:12:21.219+05:30  INFO 14388 --- [order-&-cart-service] [main] [                                                 ] com.netflix.discovery.DiscoveryClient    : Saw local status change event StatusChangeEvent [timestamp=1755430941219, current=UP, previous=STARTING]
2025-08-17T17:12:21.226+05:30  INFO 14388 --- [order-&-cart-service] [main] [                                                 ] o.s.c.s.binder.DefaultBinderFactory      : Creating binder: rabbit
2025-08-17T17:12:21.243+05:30  INFO 14388 --- [order-&-cart-service] [main] [                                                 ] o.s.c.s.binder.DefaultBinderFactory      : Constructing binder child context for rabbit
2025-08-17T17:12:21.426+05:30  INFO 14388 --- [order-&-cart-service] [DiscoveryClient-InstanceInfoReplicator-%d] [                                                 ] com.netflix.discovery.DiscoveryClient    : DiscoveryClient_ORDER-&-CART-SERVICE/DESKTOP-IEJSSAR.mshome.net:order-&-cart-service:8083: registering service...
2025-08-17T17:12:21.834+05:30  INFO 14388 --- [order-&-cart-service] [DiscoveryClient-InstanceInfoReplicator-%d] [                                                 ] com.netflix.discovery.DiscoveryClient    : DiscoveryClient_ORDER-&-CART-SERVICE/DESKTOP-IEJSSAR.mshome.net:order-&-cart-service:8083 - registration status: 204
2025-08-17T17:12:22.140+05:30  INFO 14388 --- [order-&-cart-service] [main] [                                                 ] o.s.c.s.binder.DefaultBinderFactory      : Caching the binder: rabbit
2025-08-17T17:12:22.228+05:30  INFO 14388 --- [order-&-cart-service] [main] [                                                 ] c.s.b.r.p.RabbitExchangeQueueProvisioner : declaring queue for inbound: springCloudBus.anonymous.C066qAh7QVCUwjJC1Yn6XA, bound to: springCloudBus
2025-08-17T17:12:22.276+05:30  INFO 14388 --- [order-&-cart-service] [main] [                                                 ] o.s.a.r.c.CachingConnectionFactory       : Attempting to connect to: [localhost:5672]
2025-08-17T17:12:23.392+05:30  INFO 14388 --- [order-&-cart-service] [main] [                                                 ] o.s.a.r.c.CachingConnectionFactory       : Created new connection: rabbitConnectionFactory#75e00044:0/SimpleConnection@153740c7 [delegate=amqp://guest@127.0.0.1:5672/, localPort=64896]
2025-08-17T17:12:24.332+05:30  INFO 14388 --- [order-&-cart-service] [main] [                                                 ] o.s.c.stream.binder.BinderErrorChannel   : Channel 'rabbit-900187255.springCloudBusInput.errors' has 1 subscriber(s).
2025-08-17T17:12:24.366+05:30  INFO 14388 --- [order-&-cart-service] [main] [                                                 ] o.s.c.stream.binder.BinderErrorChannel   : Channel 'rabbit-900187255.springCloudBusInput.errors' has 2 subscriber(s).
2025-08-17T17:12:24.752+05:30  INFO 14388 --- [order-&-cart-service] [main] [                                                 ] o.s.i.a.i.AmqpInboundChannelAdapter      : started bean 'inbound.springCloudBus.anonymous.C066qAh7QVCUwjJC1Yn6XA'
2025-08-17T17:12:24.858+05:30  INFO 14388 --- [order-&-cart-service] [main] [                                                 ] o.s.b.w.embedded.tomcat.TomcatWebServer  : Tomcat started on port 8083 (http) with context path '/'
2025-08-17T17:12:24.889+05:30  INFO 14388 --- [order-&-cart-service] [main] [                                                 ] .s.c.n.e.s.EurekaAutoServiceRegistration : Updating port to 8083
2025-08-17T17:12:25.925+05:30  INFO 14388 --- [order-&-cart-service] [main] [                                                 ] com.ecommerce.order.OrderApplication     : Started OrderApplication in 67.455 seconds (process running for 70.953)
2025-08-17T17:12:25.937+05:30  INFO 14388 --- [order-&-cart-service] [http-nio-8083-exec-1] [                                                 ] o.a.c.c.C.[Tomcat].[localhost].[/]       : Initializing Spring DispatcherServlet 'dispatcherServlet'
2025-08-17T17:12:25.939+05:30  INFO 14388 --- [order-&-cart-service] [http-nio-8083-exec-1] [                                                 ] o.s.web.servlet.DispatcherServlet        : Initializing Servlet 'dispatcherServlet'
2025-08-17T17:12:25.949+05:30  INFO 14388 --- [order-&-cart-service] [http-nio-8083-exec-1] [                                                 ] o.s.web.servlet.DispatcherServlet        : Completed initialization in 9 ms
2025-08-17T17:17:19.150+05:30  INFO 14388 --- [order-&-cart-service] [AsyncResolver-bootstrap-executor-%d] [                                                 ] c.n.d.s.r.aws.ConfigClusterResolver      : Resolving eureka endpoints via configuration
2025-08-17T17:22:19.226+05:30  INFO 14388 --- [order-&-cart-service] [AsyncResolver-bootstrap-executor-%d] [                                                 ] c.n.d.s.r.aws.ConfigClusterResolver      : Resolving eureka endpoints via configuration
2025-08-17T17:27:19.286+05:30  INFO 14388 --- [order-&-cart-service] [AsyncResolver-bootstrap-executor-%d] [                                                 ] c.n.d.s.r.aws.ConfigClusterResolver      : Resolving eureka endpoints via configuration
2025-08-17T17:28:53.858+05:30  INFO 14388 --- [order-&-cart-service] [SpringApplicationShutdownHook] [                                                 ] o.s.c.n.e.s.EurekaServiceRegistry        : Unregistering application ORDER-&-CART-SERVICE with eureka with status DOWN
2025-08-17T17:28:53.864+05:30  INFO 14388 --- [order-&-cart-service] [SpringApplicationShutdownHook] [                                                 ] com.netflix.discovery.DiscoveryClient    : Saw local status change event StatusChangeEvent [timestamp=1755431933864, current=DOWN, previous=UP]
2025-08-17T17:28:53.874+05:30  INFO 14388 --- [order-&-cart-service] [DiscoveryClient-InstanceInfoReplicator-%d] [                                                 ] com.netflix.discovery.DiscoveryClient    : DiscoveryClient_ORDER-&-CART-SERVICE/DESKTOP-IEJSSAR.mshome.net:order-&-cart-service:8083: registering service...
2025-08-17T17:28:54.056+05:30  INFO 14388 --- [order-&-cart-service] [DiscoveryClient-InstanceInfoReplicator-%d] [                                                 ] com.netflix.discovery.DiscoveryClient    : DiscoveryClient_ORDER-&-CART-SERVICE/DESKTOP-IEJSSAR.mshome.net:order-&-cart-service:8083 - registration status: 204
2025-08-17T17:28:54.191+05:30  INFO 14388 --- [order-&-cart-service] [SpringApplicationShutdownHook] [                                                 ] o.s.b.w.e.tomcat.GracefulShutdown        : Commencing graceful shutdown. Waiting for active requests to complete
2025-08-17T17:28:54.239+05:30  INFO 14388 --- [order-&-cart-service] [tomcat-shutdown] [                                                 ] o.s.b.w.e.tomcat.GracefulShutdown        : Graceful shutdown complete
2025-08-17T17:28:54.491+05:30  INFO 14388 --- [order-&-cart-service] [SpringApplicationShutdownHook] [                                                 ] o.s.a.r.l.SimpleMessageListenerContainer : Waiting for workers to finish.
2025-08-17T17:28:54.492+05:30  INFO 14388 --- [order-&-cart-service] [SpringApplicationShutdownHook] [                                                 ] o.s.a.r.l.SimpleMessageListenerContainer : Successfully waited for workers to finish.
2025-08-17T17:28:54.503+05:30  INFO 14388 --- [order-&-cart-service] [SpringApplicationShutdownHook] [                                                 ] o.s.i.a.i.AmqpInboundChannelAdapter      : stopped bean 'inbound.springCloudBus.anonymous.C066qAh7QVCUwjJC1Yn6XA'
2025-08-17T17:28:54.557+05:30  INFO 14388 --- [order-&-cart-service] [SpringApplicationShutdownHook] [                                                 ] o.s.c.stream.binder.BinderErrorChannel   : Channel 'order-&-cart-service.rabbit-900187255.springCloudBusInput.errors' has 1 subscriber(s).
2025-08-17T17:28:54.565+05:30  INFO 14388 --- [order-&-cart-service] [SpringApplicationShutdownHook] [                                                 ] o.s.c.stream.binder.BinderErrorChannel   : Channel 'order-&-cart-service.rabbit-900187255.springCloudBusInput.errors' has 0 subscriber(s).
2025-08-17T17:28:56.244+05:30  INFO 14388 --- [order-&-cart-service] [SpringApplicationShutdownHook] [                                                 ] o.s.i.endpoint.EventDrivenConsumer       : Removing {logging-channel-adapter:_org.springframework.integration.errorLogger} as a subscriber to the 'errorChannel' channel
2025-08-17T17:28:56.245+05:30  INFO 14388 --- [order-&-cart-service] [SpringApplicationShutdownHook] [                                                 ] o.s.i.channel.PublishSubscribeChannel    : Channel 'order-&-cart-service.errorChannel' has 0 subscriber(s).
2025-08-17T17:28:56.249+05:30  INFO 14388 --- [order-&-cart-service] [SpringApplicationShutdownHook] [                                                 ] o.s.i.endpoint.EventDrivenConsumer       : stopped bean '_org.springframework.integration.errorLogger'
2025-08-17T17:28:56.382+05:30  INFO 14388 --- [order-&-cart-service] [SpringApplicationShutdownHook] [                                                 ] j.LocalContainerEntityManagerFactoryBean : Closing JPA EntityManagerFactory for persistence unit 'default'
2025-08-17T17:28:56.495+05:30  INFO 14388 --- [order-&-cart-service] [SpringApplicationShutdownHook] [                                                 ] com.zaxxer.hikari.HikariDataSource       : HikariPool-1 - Shutdown initiated...
2025-08-17T17:28:58.990+05:30  INFO 14388 --- [order-&-cart-service] [SpringApplicationShutdownHook] [                                                 ] com.zaxxer.hikari.HikariDataSource       : HikariPool-1 - Shutdown completed.
2025-08-17T17:28:59.283+05:30  INFO 14388 --- [order-&-cart-service] [SpringApplicationShutdownHook] [                                                 ] com.netflix.discovery.DiscoveryClient    : Shutting down DiscoveryClient ...
2025-08-17T17:29:02.287+05:30  INFO 14388 --- [order-&-cart-service] [SpringApplicationShutdownHook] [                                                 ] com.netflix.discovery.DiscoveryClient    : Unregistering ...
2025-08-17T17:29:02.331+05:30  INFO 14388 --- [order-&-cart-service] [SpringApplicationShutdownHook] [                                                 ] com.netflix.discovery.DiscoveryClient    : DiscoveryClient_ORDER-&-CART-SERVICE/DESKTOP-IEJSSAR.mshome.net:order-&-cart-service:8083 - deregister  status: 200
2025-08-17T17:29:02.333+05:30  INFO 14388 --- [order-&-cart-service] [SpringApplicationShutdownHook] [                                                 ] com.netflix.discovery.DiscoveryClient    : Completed shut down of DiscoveryClient
