2025-08-17T15:19:33.389+05:30  INFO 12652 --- [user-service] [main] [                                                 ] com.ecommerce.user.UserApplication       : Starting UserApplication using Java 21.0.8 with PID 12652 (C:\Users\pc\Desktop\Ecom-Microservices\Microservices with Eureka Server Registry\user\target\classes started by pc in C:\Users\pc\Desktop\Ecom-Microservices\Microservices with Eureka Server Registry)
2025-08-17T15:19:33.399+05:30  INFO 12652 --- [user-service] [main] [                                                 ] com.ecommerce.user.UserApplication       : No active profile set, falling back to 1 default profile: "default"
2025-08-17T15:19:33.824+05:30  INFO 12652 --- [user-service] [main] [                                                 ] o.s.c.c.c.ConfigServerConfigDataLoader   : Fetching config from server at : http://localhost:8888
2025-08-17T15:19:33.858+05:30  INFO 12652 --- [user-service] [main] [                                                 ] o.s.c.c.c.ConfigServerConfigDataLoader   : Located environment: name=user-service, profiles=[default], label=null, version=null, state=null
2025-08-17T15:19:42.061+05:30  INFO 12652 --- [user-service] [main] [                                                 ] .s.d.r.c.RepositoryConfigurationDelegate : Bootstrapping Spring Data MongoDB repositories in DEFAULT mode.
2025-08-17T15:19:42.984+05:30  INFO 12652 --- [user-service] [main] [                                                 ] .s.d.r.c.RepositoryConfigurationDelegate : Finished Spring Data repository scanning in 888 ms. Found 1 MongoDB repository interface.
2025-08-17T15:19:44.636+05:30  INFO 12652 --- [user-service] [main] [                                                 ] faultConfiguringBeanFactoryPostProcessor : No bean named 'errorChannel' has been explicitly defined. Therefore, a default PublishSubscribeChannel will be created.
2025-08-17T15:19:44.734+05:30  INFO 12652 --- [user-service] [main] [                                                 ] faultConfiguringBeanFactoryPostProcessor : No bean named 'integrationHeaderChannelRegistry' has been explicitly defined. Therefore, a default DefaultHeaderChannelRegistry will be created.
2025-08-17T15:19:45.351+05:30  INFO 12652 --- [user-service] [main] [                                                 ] o.s.cloud.context.scope.GenericScope     : BeanFactory id=ef8cde4d-f29e-3147-8103-16bdb3409e28
2025-08-17T15:19:48.823+05:30  INFO 12652 --- [user-service] [main] [                                                 ] o.s.b.w.embedded.tomcat.TomcatWebServer  : Tomcat initialized with port 8082 (http)
2025-08-17T15:19:48.880+05:30  INFO 12652 --- [user-service] [main] [                                                 ] o.apache.catalina.core.StandardService   : Starting service [Tomcat]
2025-08-17T15:19:48.881+05:30  INFO 12652 --- [user-service] [main] [                                                 ] o.apache.catalina.core.StandardEngine    : Starting Servlet engine: [Apache Tomcat/10.1.43]
2025-08-17T15:19:49.273+05:30  INFO 12652 --- [user-service] [main] [                                                 ] o.a.c.c.C.[Tomcat].[localhost].[/]       : Initializing Spring embedded WebApplicationContext
2025-08-17T15:19:49.274+05:30  INFO 12652 --- [user-service] [main] [                                                 ] w.s.c.ServletWebServerApplicationContext : Root WebApplicationContext: initialization completed in 15394 ms
2025-08-17T15:19:53.457+05:30  INFO 12652 --- [user-service] [main] [                                                 ] org.mongodb.driver.client                : MongoClient with metadata {"driver": {"name": "mongo-java-driver|sync|spring-boot", "version": "5.5.1"}, "os": {"type": "Windows", "name": "Windows 10", "architecture": "amd64", "version": "10.0"}, "platform": "Java/Oracle Corporation/21.0.8+12-LTS-250"} created with settings MongoClientSettings{readPreference=primary, writeConcern=WriteConcern{w=null, wTimeout=null ms, journal=null}, retryWrites=true, retryReads=true, readConcern=ReadConcern{level=null}, credential=null, transportSettings=null, commandListeners=[io.micrometer.core.instrument.binder.mongodb.MongoMetricsCommandListener@62159fd], codecRegistry=ProvidersCodecRegistry{codecProviders=[ValueCodecProvider{}, BsonValueCodecProvider{}, DBRefCodecProvider{}, DBObjectCodecProvider{}, DocumentCodecProvider{}, CollectionCodecProvider{}, IterableCodecProvider{}, MapCodecProvider{}, GeoJsonCodecProvider{}, GridFSFileCodecProvider{}, Jsr310CodecProvider{}, JsonObjectCodecProvider{}, BsonCodecProvider{}, EnumCodecProvider{}, com.mongodb.client.model.mql.ExpressionCodecProvider@28e8dee7, com.mongodb.Jep395RecordCodecProvider@7c37ac3c, com.mongodb.KotlinCodecProvider@2682cccc]}, loggerSettings=LoggerSettings{maxDocumentLength=1000}, clusterSettings={hosts=[localhost:27017], srvServiceName=mongodb, mode=SINGLE, requiredClusterType=UNKNOWN, requiredReplicaSetName='null', serverSelector='null', clusterListeners='[]', serverSelectionTimeout='30000 ms', localThreshold='15 ms'}, socketSettings=SocketSettings{connectTimeoutMS=10000, readTimeoutMS=0, receiveBufferSize=0, proxySettings=ProxySettings{host=null, port=null, username=null, password=null}}, heartbeatSocketSettings=SocketSettings{connectTimeoutMS=10000, readTimeoutMS=10000, receiveBufferSize=0, proxySettings=ProxySettings{host=null, port=null, username=null, password=null}}, connectionPoolSettings=ConnectionPoolSettings{maxSize=100, minSize=0, maxWaitTimeMS=120000, maxConnectionLifeTimeMS=0, maxConnectionIdleTimeMS=0, maintenanceInitialDelayMS=0, maintenanceFrequencyMS=60000, connectionPoolListeners=[io.micrometer.core.instrument.binder.mongodb.MongoMetricsConnectionPoolListener@2ae08750], maxConnecting=2}, serverSettings=ServerSettings{heartbeatFrequencyMS=10000, minHeartbeatFrequencyMS=500, serverMonitoringMode=AUTO, serverListeners='[]', serverMonitorListeners='[]'}, sslSettings=SslSettings{enabled=false, invalidHostNameAllowed=false, context=null}, applicationName='null', compressorList=[], uuidRepresentation=JAVA_LEGACY, serverApi=null, autoEncryptionSettings=null, dnsClient=null, inetAddressResolver=null, contextProvider=null, timeoutMS=null}
2025-08-17T15:19:53.491+05:30  INFO 12652 --- [user-service] [cluster-ClusterId{value='68a1a5c0d4057794283f91b9', description='null'}-localhost:27017] [                                                 ] org.mongodb.driver.cluster               : Monitor thread successfully connected to server with description ServerDescription{address=localhost:27017, type=STANDALONE, cryptd=false, state=CONNECTED, ok=true, minWireVersion=0, maxWireVersion=25, maxDocumentSize=16777216, logicalSessionTimeoutMinutes=30, roundTripTimeNanos=86195800, minRoundTripTimeNanos=0}
2025-08-17T15:19:59.887+05:30  WARN 12652 --- [user-service] [main] [                                                 ] c.f.c.c.BeanFactoryAwareFunctionRegistry : Failed to locate function 'busConsumer' for function definition 'busConsumer'. Returning null.
2025-08-17T15:20:00.215+05:30  INFO 12652 --- [user-service] [main] [                                                 ] o.s.c.s.m.DirectWithAttributesChannel    : Channel 'user-service.springCloudBusInput' has 1 subscriber(s).
2025-08-17T15:20:01.244+05:30  INFO 12652 --- [user-service] [main] [                                                 ] DiscoveryClientOptionalArgsConfiguration : Eureka HTTP Client uses RestTemplate.
2025-08-17T15:20:01.510+05:30  WARN 12652 --- [user-service] [main] [                                                 ] iguration$LoadBalancerCaffeineWarnLogger : Spring Cloud LoadBalancer is currently working with the default cache. While this cache implementation is useful for development and tests, it's recommended to use Caffeine cache in production.You can switch to using Caffeine cache, by adding it and org.springframework.cache.caffeine.CaffeineCacheManager to the classpath.
2025-08-17T15:20:01.559+05:30  INFO 12652 --- [user-service] [main] [                                                 ] o.s.b.a.e.web.EndpointLinksResolver      : Exposing 25 endpoints beneath base path '/actuator'
2025-08-17T15:20:02.256+05:30  INFO 12652 --- [user-service] [main] [                                                 ] o.s.i.endpoint.EventDrivenConsumer       : Adding {logging-channel-adapter:_org.springframework.integration.errorLogger} as a subscriber to the 'errorChannel' channel
2025-08-17T15:20:02.257+05:30  INFO 12652 --- [user-service] [main] [                                                 ] o.s.i.channel.PublishSubscribeChannel    : Channel 'user-service.errorChannel' has 1 subscriber(s).
2025-08-17T15:20:02.259+05:30  INFO 12652 --- [user-service] [main] [                                                 ] o.s.i.endpoint.EventDrivenConsumer       : started bean '_org.springframework.integration.errorLogger'
2025-08-17T15:20:02.509+05:30  INFO 12652 --- [user-service] [main] [                                                 ] o.s.c.n.eureka.InstanceInfoFactory       : Setting initial instance status as: STARTING
2025-08-17T15:20:02.614+05:30  INFO 12652 --- [user-service] [main] [                                                 ] com.netflix.discovery.DiscoveryClient    : Initializing Eureka in region us-east-1
2025-08-17T15:20:02.634+05:30  INFO 12652 --- [user-service] [main] [                                                 ] c.n.d.s.r.aws.ConfigClusterResolver      : Resolving eureka endpoints via configuration
2025-08-17T15:20:02.770+05:30  INFO 12652 --- [user-service] [main] [                                                 ] com.netflix.discovery.DiscoveryClient    : Disable delta property : false
2025-08-17T15:20:02.771+05:30  INFO 12652 --- [user-service] [main] [                                                 ] com.netflix.discovery.DiscoveryClient    : Single vip registry refresh property : null
2025-08-17T15:20:02.771+05:30  INFO 12652 --- [user-service] [main] [                                                 ] com.netflix.discovery.DiscoveryClient    : Force full registry fetch : false
2025-08-17T15:20:02.772+05:30  INFO 12652 --- [user-service] [main] [                                                 ] com.netflix.discovery.DiscoveryClient    : Application is null : false
2025-08-17T15:20:02.773+05:30  INFO 12652 --- [user-service] [main] [                                                 ] com.netflix.discovery.DiscoveryClient    : Registered Applications size is zero : true
2025-08-17T15:20:02.774+05:30  INFO 12652 --- [user-service] [main] [                                                 ] com.netflix.discovery.DiscoveryClient    : Application version is -1: true
2025-08-17T15:20:02.775+05:30  INFO 12652 --- [user-service] [main] [                                                 ] com.netflix.discovery.DiscoveryClient    : Getting all instance registry info from the eureka server
2025-08-17T15:20:04.162+05:30  INFO 12652 --- [user-service] [main] [                                                 ] com.netflix.discovery.DiscoveryClient    : The response status is 200
2025-08-17T15:20:04.166+05:30  INFO 12652 --- [user-service] [main] [                                                 ] com.netflix.discovery.DiscoveryClient    : Starting heartbeat executor: renew interval is: 30
2025-08-17T15:20:04.171+05:30  INFO 12652 --- [user-service] [main] [                                                 ] c.n.discovery.InstanceInfoReplicator     : InstanceInfoReplicator onDemand update allowed rate per min is 4
2025-08-17T15:20:04.176+05:30  INFO 12652 --- [user-service] [main] [                                                 ] com.netflix.discovery.DiscoveryClient    : Discovery Client initialized at timestamp 1755424204174 with initial instances count: 0
2025-08-17T15:20:04.185+05:30  INFO 12652 --- [user-service] [main] [                                                 ] o.s.c.n.e.s.EurekaServiceRegistry        : Registering application USER-SERVICE with eureka with status UP
2025-08-17T15:20:04.187+05:30  INFO 12652 --- [user-service] [main] [                                                 ] com.netflix.discovery.DiscoveryClient    : Saw local status change event StatusChangeEvent [timestamp=1755424204187, current=UP, previous=STARTING]
2025-08-17T15:20:04.192+05:30  INFO 12652 --- [user-service] [main] [                                                 ] o.s.c.s.binder.DefaultBinderFactory      : Creating binder: rabbit
2025-08-17T15:20:04.192+05:30  INFO 12652 --- [user-service] [DiscoveryClient-InstanceInfoReplicator-%d] [                                                 ] com.netflix.discovery.DiscoveryClient    : DiscoveryClient_USER-SERVICE/DESKTOP-IEJSSAR.mshome.net:user-service:8082: registering service...
2025-08-17T15:20:04.192+05:30  INFO 12652 --- [user-service] [main] [                                                 ] o.s.c.s.binder.DefaultBinderFactory      : Constructing binder child context for rabbit
2025-08-17T15:20:04.963+05:30  INFO 12652 --- [user-service] [main] [                                                 ] o.s.c.s.binder.DefaultBinderFactory      : Caching the binder: rabbit
2025-08-17T15:20:04.977+05:30  INFO 12652 --- [user-service] [DiscoveryClient-InstanceInfoReplicator-%d] [                                                 ] com.netflix.discovery.DiscoveryClient    : DiscoveryClient_USER-SERVICE/DESKTOP-IEJSSAR.mshome.net:user-service:8082 - registration status: 204
2025-08-17T15:20:05.018+05:30  INFO 12652 --- [user-service] [main] [                                                 ] c.s.b.r.p.RabbitExchangeQueueProvisioner : declaring queue for inbound: springCloudBus.anonymous.lG_-6zX_TxW63uVpdQK8BQ, bound to: springCloudBus
2025-08-17T15:20:05.071+05:30  INFO 12652 --- [user-service] [main] [                                                 ] o.s.a.r.c.CachingConnectionFactory       : Attempting to connect to: [localhost:5672]
2025-08-17T15:20:05.372+05:30  INFO 12652 --- [user-service] [main] [                                                 ] o.s.a.r.c.CachingConnectionFactory       : Created new connection: rabbitConnectionFactory#dc24732:0/SimpleConnection@6b0aa757 [delegate=amqp://guest@127.0.0.1:5672/, localPort=61308]
2025-08-17T15:20:06.182+05:30  INFO 12652 --- [user-service] [main] [                                                 ] o.s.c.stream.binder.BinderErrorChannel   : Channel 'rabbit-405594718.springCloudBusInput.errors' has 1 subscriber(s).
2025-08-17T15:20:06.190+05:30  INFO 12652 --- [user-service] [main] [                                                 ] o.s.c.stream.binder.BinderErrorChannel   : Channel 'rabbit-405594718.springCloudBusInput.errors' has 2 subscriber(s).
2025-08-17T15:20:07.156+05:30  INFO 12652 --- [user-service] [main] [                                                 ] o.s.i.a.i.AmqpInboundChannelAdapter      : started bean 'inbound.springCloudBus.anonymous.lG_-6zX_TxW63uVpdQK8BQ'
2025-08-17T15:20:07.204+05:30  INFO 12652 --- [user-service] [main] [                                                 ] o.s.b.w.embedded.tomcat.TomcatWebServer  : Tomcat started on port 8082 (http) with context path '/'
2025-08-17T15:20:07.209+05:30  INFO 12652 --- [user-service] [main] [                                                 ] .s.c.n.e.s.EurekaAutoServiceRegistration : Updating port to 8082
2025-08-17T15:20:07.644+05:30  INFO 12652 --- [user-service] [main] [                                                 ] com.ecommerce.user.UserApplication       : Started UserApplication in 40.938 seconds (process running for 45.172)
2025-08-17T15:20:08.868+05:30  INFO 12652 --- [user-service] [http-nio-8082-exec-1] [                                                 ] o.a.c.c.C.[Tomcat].[localhost].[/]       : Initializing Spring DispatcherServlet 'dispatcherServlet'
2025-08-17T15:20:08.870+05:30  INFO 12652 --- [user-service] [http-nio-8082-exec-1] [                                                 ] o.s.web.servlet.DispatcherServlet        : Initializing Servlet 'dispatcherServlet'
2025-08-17T15:20:08.925+05:30  INFO 12652 --- [user-service] [http-nio-8082-exec-1] [                                                 ] o.s.web.servlet.DispatcherServlet        : Completed initialization in 53 ms
2025-08-17T15:20:34.185+05:30  INFO 12652 --- [user-service] [DiscoveryClient-CacheRefreshExecutor-%d] [                                                 ] com.netflix.discovery.DiscoveryClient    : Disable delta property : false
2025-08-17T15:20:34.186+05:30  INFO 12652 --- [user-service] [DiscoveryClient-CacheRefreshExecutor-%d] [                                                 ] com.netflix.discovery.DiscoveryClient    : Single vip registry refresh property : null
2025-08-17T15:20:34.188+05:30  INFO 12652 --- [user-service] [DiscoveryClient-CacheRefreshExecutor-%d] [                                                 ] com.netflix.discovery.DiscoveryClient    : Force full registry fetch : false
2025-08-17T15:20:34.190+05:30  INFO 12652 --- [user-service] [DiscoveryClient-CacheRefreshExecutor-%d] [                                                 ] com.netflix.discovery.DiscoveryClient    : Application is null : false
2025-08-17T15:20:34.192+05:30  INFO 12652 --- [user-service] [DiscoveryClient-CacheRefreshExecutor-%d] [                                                 ] com.netflix.discovery.DiscoveryClient    : Registered Applications size is zero : true
2025-08-17T15:20:34.192+05:30  INFO 12652 --- [user-service] [DiscoveryClient-CacheRefreshExecutor-%d] [                                                 ] com.netflix.discovery.DiscoveryClient    : Application version is -1: false
2025-08-17T15:20:34.192+05:30  INFO 12652 --- [user-service] [DiscoveryClient-CacheRefreshExecutor-%d] [                                                 ] com.netflix.discovery.DiscoveryClient    : Getting all instance registry info from the eureka server
2025-08-17T15:20:34.253+05:30  INFO 12652 --- [user-service] [DiscoveryClient-CacheRefreshExecutor-%d] [                                                 ] com.netflix.discovery.DiscoveryClient    : The response status is 200
2025-08-17T15:25:02.802+05:30  INFO 12652 --- [user-service] [AsyncResolver-bootstrap-executor-%d] [                                                 ] c.n.d.s.r.aws.ConfigClusterResolver      : Resolving eureka endpoints via configuration
2025-08-17T15:25:08.716+05:30  INFO 12652 --- [user-service] [http-nio-8082-exec-3] [68a1a6f55f174ad6f0bbd630698024a9-2fb7a3d60b8ec051] c.e.user.controller.UserController       : Request received for user : 68a197bf15fe4bb2063c235d
2025-08-17T15:25:08.718+05:30  INFO 12652 --- [user-service] [http-nio-8082-exec-3] [68a1a6f55f174ad6f0bbd630698024a9-2fb7a3d60b8ec051] c.e.user.controller.UserController       : Info level message - general information
2025-08-17T15:25:08.719+05:30  WARN 12652 --- [user-service] [http-nio-8082-exec-3] [68a1a6f55f174ad6f0bbd630698024a9-2fb7a3d60b8ec051] c.e.user.controller.UserController       : Warning level message - something unexpected happened
2025-08-17T15:25:08.719+05:30 ERROR 12652 --- [user-service] [http-nio-8082-exec-3] [68a1a6f55f174ad6f0bbd630698024a9-2fb7a3d60b8ec051] c.e.user.controller.UserController       : Error level message - something failed
2025-08-17T15:28:52.253+05:30  INFO 12652 --- [user-service] [http-nio-8082-exec-9] [68a1a7d976a6410f39d8c0510b7b32db-23e57b5f7296306a] c.e.user.controller.UserController       : Request received for user : 68a197bf15fe4bb2063c235d
2025-08-17T15:28:52.266+05:30  INFO 12652 --- [user-service] [http-nio-8082-exec-9] [68a1a7d976a6410f39d8c0510b7b32db-23e57b5f7296306a] c.e.user.controller.UserController       : Info level message - general information
2025-08-17T15:28:52.272+05:30  WARN 12652 --- [user-service] [http-nio-8082-exec-9] [68a1a7d976a6410f39d8c0510b7b32db-23e57b5f7296306a] c.e.user.controller.UserController       : Warning level message - something unexpected happened
2025-08-17T15:28:52.273+05:30 ERROR 12652 --- [user-service] [http-nio-8082-exec-9] [68a1a7d976a6410f39d8c0510b7b32db-23e57b5f7296306a] c.e.user.controller.UserController       : Error level message - something failed
2025-08-17T15:30:02.847+05:30  INFO 12652 --- [user-service] [AsyncResolver-bootstrap-executor-%d] [                                                 ] c.n.d.s.r.aws.ConfigClusterResolver      : Resolving eureka endpoints via configuration
2025-08-17T15:35:02.859+05:30  INFO 12652 --- [user-service] [AsyncResolver-bootstrap-executor-%d] [                                                 ] c.n.d.s.r.aws.ConfigClusterResolver      : Resolving eureka endpoints via configuration
2025-08-17T15:40:02.880+05:30  INFO 12652 --- [user-service] [AsyncResolver-bootstrap-executor-%d] [                                                 ] c.n.d.s.r.aws.ConfigClusterResolver      : Resolving eureka endpoints via configuration
2025-08-17T15:45:02.888+05:30  INFO 12652 --- [user-service] [AsyncResolver-bootstrap-executor-%d] [                                                 ] c.n.d.s.r.aws.ConfigClusterResolver      : Resolving eureka endpoints via configuration
2025-08-17T15:50:02.971+05:30  INFO 12652 --- [user-service] [AsyncResolver-bootstrap-executor-%d] [                                                 ] c.n.d.s.r.aws.ConfigClusterResolver      : Resolving eureka endpoints via configuration
2025-08-17T15:55:03.017+05:30  INFO 12652 --- [user-service] [AsyncResolver-bootstrap-executor-%d] [                                                 ] c.n.d.s.r.aws.ConfigClusterResolver      : Resolving eureka endpoints via configuration
2025-08-17T16:00:03.045+05:30  INFO 12652 --- [user-service] [AsyncResolver-bootstrap-executor-%d] [                                                 ] c.n.d.s.r.aws.ConfigClusterResolver      : Resolving eureka endpoints via configuration
2025-08-17T16:05:03.065+05:30  INFO 12652 --- [user-service] [AsyncResolver-bootstrap-executor-%d] [                                                 ] c.n.d.s.r.aws.ConfigClusterResolver      : Resolving eureka endpoints via configuration
2025-08-17T16:10:03.086+05:30  INFO 12652 --- [user-service] [AsyncResolver-bootstrap-executor-%d] [                                                 ] c.n.d.s.r.aws.ConfigClusterResolver      : Resolving eureka endpoints via configuration
2025-08-17T16:15:03.118+05:30  INFO 12652 --- [user-service] [AsyncResolver-bootstrap-executor-%d] [                                                 ] c.n.d.s.r.aws.ConfigClusterResolver      : Resolving eureka endpoints via configuration
2025-08-17T16:20:03.167+05:30  INFO 12652 --- [user-service] [AsyncResolver-bootstrap-executor-%d] [                                                 ] c.n.d.s.r.aws.ConfigClusterResolver      : Resolving eureka endpoints via configuration
2025-08-17T16:25:03.211+05:30  INFO 12652 --- [user-service] [AsyncResolver-bootstrap-executor-%d] [                                                 ] c.n.d.s.r.aws.ConfigClusterResolver      : Resolving eureka endpoints via configuration
2025-08-17T16:28:05.358+05:30  INFO 12652 --- [user-service] [http-nio-8082-exec-1] [68a1b5bd2a48bbfb97b23445a90ee9f8-109fb1228a976fc1] c.e.user.controller.UserController       : Request received for user : 68a197bf15fe4bb2063c235d
2025-08-17T16:28:05.360+05:30  INFO 12652 --- [user-service] [http-nio-8082-exec-1] [68a1b5bd2a48bbfb97b23445a90ee9f8-109fb1228a976fc1] c.e.user.controller.UserController       : Info level message - general information
2025-08-17T16:28:05.361+05:30  WARN 12652 --- [user-service] [http-nio-8082-exec-1] [68a1b5bd2a48bbfb97b23445a90ee9f8-109fb1228a976fc1] c.e.user.controller.UserController       : Warning level message - something unexpected happened
2025-08-17T16:28:05.362+05:30 ERROR 12652 --- [user-service] [http-nio-8082-exec-1] [68a1b5bd2a48bbfb97b23445a90ee9f8-109fb1228a976fc1] c.e.user.controller.UserController       : Error level message - something failed
2025-08-17T16:30:03.232+05:30  INFO 12652 --- [user-service] [AsyncResolver-bootstrap-executor-%d] [                                                 ] c.n.d.s.r.aws.ConfigClusterResolver      : Resolving eureka endpoints via configuration
2025-08-17T16:35:03.271+05:30  INFO 12652 --- [user-service] [AsyncResolver-bootstrap-executor-%d] [                                                 ] c.n.d.s.r.aws.ConfigClusterResolver      : Resolving eureka endpoints via configuration
2025-08-17T16:40:03.321+05:30  INFO 12652 --- [user-service] [AsyncResolver-bootstrap-executor-%d] [                                                 ] c.n.d.s.r.aws.ConfigClusterResolver      : Resolving eureka endpoints via configuration
2025-08-17T16:45:04.041+05:30  INFO 12652 --- [user-service] [AsyncResolver-bootstrap-executor-%d] [                                                 ] c.n.d.s.r.aws.ConfigClusterResolver      : Resolving eureka endpoints via configuration
