2025-08-20T13:44:19.087+05:30  INFO 16756 --- [order-cart-service] [main] [                                                 ] com.ecommerce.order.OrderApplication     : Starting OrderApplication using Java 21.0.8 with PID 16756 (C:\Users\pc\Desktop\Ecom-Microservices\Microservices with Eureka , API Gateway and Resilience4j\order\target\classes started by pc in C:\Users\pc\Desktop\Ecom-Microservices\Microservices with Eureka , API Gateway and Resilience4j)
2025-08-20T13:44:19.128+05:30  INFO 16756 --- [order-cart-service] [main] [                                                 ] com.ecommerce.order.OrderApplication     : No active profile set, falling back to 1 default profile: "default"
2025-08-20T13:44:19.408+05:30  INFO 16756 --- [order-cart-service] [main] [                                                 ] o.s.c.c.c.ConfigServerConfigDataLoader   : Fetching config from server at : http://localhost:8888
2025-08-20T13:44:19.409+05:30  INFO 16756 --- [order-cart-service] [main] [                                                 ] o.s.c.c.c.ConfigServerConfigDataLoader   : Located environment: name=order-cart-service, profiles=[default], label=null, version=null, state=null
2025-08-20T13:44:26.892+05:30  INFO 16756 --- [order-cart-service] [main] [                                                 ] .s.d.r.c.RepositoryConfigurationDelegate : Bootstrapping Spring Data JPA repositories in DEFAULT mode.
2025-08-20T13:44:27.617+05:30  INFO 16756 --- [order-cart-service] [main] [                                                 ] .s.d.r.c.RepositoryConfigurationDelegate : Finished Spring Data repository scanning in 661 ms. Found 2 JPA repository interfaces.
2025-08-20T13:44:28.629+05:30  INFO 16756 --- [order-cart-service] [main] [                                                 ] faultConfiguringBeanFactoryPostProcessor : No bean named 'errorChannel' has been explicitly defined. Therefore, a default PublishSubscribeChannel will be created.
2025-08-20T13:44:28.654+05:30  INFO 16756 --- [order-cart-service] [main] [                                                 ] faultConfiguringBeanFactoryPostProcessor : No bean named 'integrationHeaderChannelRegistry' has been explicitly defined. Therefore, a default DefaultHeaderChannelRegistry will be created.
2025-08-20T13:44:29.318+05:30  INFO 16756 --- [order-cart-service] [main] [                                                 ] o.s.cloud.context.scope.GenericScope     : BeanFactory id=80a882b3-a956-38ab-af2d-ba96699c2ade
2025-08-20T13:44:33.501+05:30  INFO 16756 --- [order-cart-service] [main] [                                                 ] o.s.b.w.embedded.tomcat.TomcatWebServer  : Tomcat initialized with port 8083 (http)
2025-08-20T13:44:33.542+05:30  INFO 16756 --- [order-cart-service] [main] [                                                 ] o.apache.catalina.core.StandardService   : Starting service [Tomcat]
2025-08-20T13:44:33.543+05:30  INFO 16756 --- [order-cart-service] [main] [                                                 ] o.apache.catalina.core.StandardEngine    : Starting Servlet engine: [Apache Tomcat/10.1.43]
2025-08-20T13:44:33.773+05:30  INFO 16756 --- [order-cart-service] [main] [                                                 ] o.a.c.c.C.[Tomcat].[localhost].[/]       : Initializing Spring embedded WebApplicationContext
2025-08-20T13:44:33.775+05:30  INFO 16756 --- [order-cart-service] [main] [                                                 ] w.s.c.ServletWebServerApplicationContext : Root WebApplicationContext: initialization completed in 14353 ms
2025-08-20T13:44:38.148+05:30  INFO 16756 --- [order-cart-service] [main] [                                                 ] o.hibernate.jpa.internal.util.LogHelper  : HHH000204: Processing PersistenceUnitInfo [name: default]
2025-08-20T13:44:38.386+05:30  INFO 16756 --- [order-cart-service] [main] [                                                 ] org.hibernate.Version                    : HHH000412: Hibernate ORM core version 6.6.22.Final
2025-08-20T13:44:38.520+05:30  INFO 16756 --- [order-cart-service] [main] [                                                 ] o.h.c.internal.RegionFactoryInitiator    : HHH000026: Second-level cache disabled
2025-08-20T13:44:39.456+05:30  INFO 16756 --- [order-cart-service] [main] [                                                 ] o.s.o.j.p.SpringPersistenceUnitInfo      : No LoadTimeWeaver setup: ignoring JPA class transformer
2025-08-20T13:44:39.551+05:30  INFO 16756 --- [order-cart-service] [main] [                                                 ] com.zaxxer.hikari.HikariDataSource       : HikariPool-1 - Starting...
2025-08-20T13:44:43.101+05:30  INFO 16756 --- [order-cart-service] [main] [                                                 ] com.zaxxer.hikari.pool.HikariPool        : HikariPool-1 - Added connection org.postgresql.jdbc.PgConnection@d9ff1cd
2025-08-20T13:44:43.105+05:30  INFO 16756 --- [order-cart-service] [main] [                                                 ] com.zaxxer.hikari.HikariDataSource       : HikariPool-1 - Start completed.
2025-08-20T13:44:43.539+05:30  WARN 16756 --- [order-cart-service] [main] [                                                 ] org.hibernate.orm.deprecation            : HHH90000025: PostgreSQLDialect does not need to be specified explicitly using 'hibernate.dialect' (remove the property setting and it will be selected by default)
2025-08-20T13:44:44.329+05:30  INFO 16756 --- [order-cart-service] [main] [                                                 ] org.hibernate.orm.connections.pooling    : HHH10001005: Database info:
	Database JDBC URL [Connecting through datasource 'HikariDataSource (HikariPool-1)']
	Database driver: undefined/unknown
	Database version: 17.5
	Autocommit mode: undefined/unknown
	Isolation level: undefined/unknown
	Minimum pool size: undefined/unknown
	Maximum pool size: undefined/unknown
2025-08-20T13:44:52.729+05:30  INFO 16756 --- [order-cart-service] [main] [                                                 ] o.h.e.t.j.p.i.JtaPlatformInitiator       : HHH000489: No JTA platform available (set 'hibernate.transaction.jta.platform' to enable JTA platform integration)
2025-08-20T13:44:55.438+05:30  INFO 16756 --- [order-cart-service] [main] [                                                 ] j.LocalContainerEntityManagerFactoryBean : Initialized JPA EntityManagerFactory for persistence unit 'default'
2025-08-20T13:45:05.874+05:30  WARN 16756 --- [order-cart-service] [main] [                                                 ] JpaBaseConfiguration$JpaWebConfiguration : spring.jpa.open-in-view is enabled by default. Therefore, database queries may be performed during view rendering. Explicitly configure spring.jpa.open-in-view to disable this warning
2025-08-20T13:45:15.150+05:30  WARN 16756 --- [order-cart-service] [main] [                                                 ] c.f.c.c.BeanFactoryAwareFunctionRegistry : Failed to locate function 'busConsumer' for function definition 'busConsumer'. Returning null.
2025-08-20T13:45:15.522+05:30  INFO 16756 --- [order-cart-service] [main] [                                                 ] o.s.c.s.m.DirectWithAttributesChannel    : Channel 'order-cart-service.springCloudBusInput' has 1 subscriber(s).
2025-08-20T13:45:17.321+05:30  INFO 16756 --- [order-cart-service] [main] [                                                 ] DiscoveryClientOptionalArgsConfiguration : Eureka HTTP Client uses RestTemplate.
2025-08-20T13:45:17.647+05:30  WARN 16756 --- [order-cart-service] [main] [                                                 ] iguration$LoadBalancerCaffeineWarnLogger : Spring Cloud LoadBalancer is currently working with the default cache. While this cache implementation is useful for development and tests, it's recommended to use Caffeine cache in production.You can switch to using Caffeine cache, by adding it and org.springframework.cache.caffeine.CaffeineCacheManager to the classpath.
2025-08-20T13:45:17.711+05:30  INFO 16756 --- [order-cart-service] [main] [                                                 ] o.s.b.a.e.web.EndpointLinksResolver      : Exposing 35 endpoints beneath base path '/actuator'
2025-08-20T13:45:18.327+05:30  INFO 16756 --- [order-cart-service] [main] [                                                 ] o.s.i.endpoint.EventDrivenConsumer       : Adding {logging-channel-adapter:_org.springframework.integration.errorLogger} as a subscriber to the 'errorChannel' channel
2025-08-20T13:45:18.328+05:30  INFO 16756 --- [order-cart-service] [main] [                                                 ] o.s.i.channel.PublishSubscribeChannel    : Channel 'order-cart-service.errorChannel' has 1 subscriber(s).
2025-08-20T13:45:18.332+05:30  INFO 16756 --- [order-cart-service] [main] [                                                 ] o.s.i.endpoint.EventDrivenConsumer       : started bean '_org.springframework.integration.errorLogger'
2025-08-20T13:45:18.480+05:30  INFO 16756 --- [order-cart-service] [main] [                                                 ] o.s.c.n.eureka.InstanceInfoFactory       : Setting initial instance status as: STARTING
2025-08-20T13:45:18.558+05:30  INFO 16756 --- [order-cart-service] [main] [                                                 ] com.netflix.discovery.DiscoveryClient    : Initializing Eureka in region us-east-1
2025-08-20T13:45:18.568+05:30  INFO 16756 --- [order-cart-service] [main] [                                                 ] c.n.d.s.r.aws.ConfigClusterResolver      : Resolving eureka endpoints via configuration
2025-08-20T13:45:18.598+05:30  INFO 16756 --- [order-cart-service] [main] [                                                 ] com.netflix.discovery.DiscoveryClient    : Disable delta property : false
2025-08-20T13:45:18.599+05:30  INFO 16756 --- [order-cart-service] [main] [                                                 ] com.netflix.discovery.DiscoveryClient    : Single vip registry refresh property : null
2025-08-20T13:45:18.599+05:30  INFO 16756 --- [order-cart-service] [main] [                                                 ] com.netflix.discovery.DiscoveryClient    : Force full registry fetch : false
2025-08-20T13:45:18.599+05:30  INFO 16756 --- [order-cart-service] [main] [                                                 ] com.netflix.discovery.DiscoveryClient    : Application is null : false
2025-08-20T13:45:18.599+05:30  INFO 16756 --- [order-cart-service] [main] [                                                 ] com.netflix.discovery.DiscoveryClient    : Registered Applications size is zero : true
2025-08-20T13:45:18.600+05:30  INFO 16756 --- [order-cart-service] [main] [                                                 ] com.netflix.discovery.DiscoveryClient    : Application version is -1: true
2025-08-20T13:45:18.600+05:30  INFO 16756 --- [order-cart-service] [main] [                                                 ] com.netflix.discovery.DiscoveryClient    : Getting all instance registry info from the eureka server
2025-08-20T13:45:19.666+05:30  INFO 16756 --- [order-cart-service] [main] [                                                 ] com.netflix.discovery.DiscoveryClient    : The response status is 200
2025-08-20T13:45:19.670+05:30  INFO 16756 --- [order-cart-service] [main] [                                                 ] com.netflix.discovery.DiscoveryClient    : Starting heartbeat executor: renew interval is: 30
2025-08-20T13:45:19.677+05:30  INFO 16756 --- [order-cart-service] [main] [                                                 ] c.n.discovery.InstanceInfoReplicator     : InstanceInfoReplicator onDemand update allowed rate per min is 4
2025-08-20T13:45:19.682+05:30  INFO 16756 --- [order-cart-service] [main] [                                                 ] com.netflix.discovery.DiscoveryClient    : Discovery Client initialized at timestamp 1755677719680 with initial instances count: 0
2025-08-20T13:45:19.715+05:30  INFO 16756 --- [order-cart-service] [main] [                                                 ] o.s.c.n.e.s.EurekaServiceRegistry        : Registering application ORDER-CART-SERVICE with eureka with status UP
2025-08-20T13:45:19.717+05:30  INFO 16756 --- [order-cart-service] [main] [                                                 ] com.netflix.discovery.DiscoveryClient    : Saw local status change event StatusChangeEvent [timestamp=1755677719717, current=UP, previous=STARTING]
2025-08-20T13:45:19.723+05:30  INFO 16756 --- [order-cart-service] [main] [                                                 ] o.s.c.s.binder.DefaultBinderFactory      : Creating binder: rabbit
2025-08-20T13:45:19.727+05:30  INFO 16756 --- [order-cart-service] [main] [                                                 ] o.s.c.s.binder.DefaultBinderFactory      : Constructing binder child context for rabbit
2025-08-20T13:45:19.729+05:30  INFO 16756 --- [order-cart-service] [DiscoveryClient-InstanceInfoReplicator-%d] [                                                 ] com.netflix.discovery.DiscoveryClient    : DiscoveryClient_ORDER-CART-SERVICE/DESKTOP-IEJSSAR.mshome.net:order-cart-service:8083: registering service...
2025-08-20T13:45:20.523+05:30  INFO 16756 --- [order-cart-service] [main] [                                                 ] o.s.c.s.binder.DefaultBinderFactory      : Caching the binder: rabbit
2025-08-20T13:45:20.573+05:30  INFO 16756 --- [order-cart-service] [main] [                                                 ] c.s.b.r.p.RabbitExchangeQueueProvisioner : declaring queue for inbound: springCloudBus.anonymous.2BvGY8s8S7urwsGSER8OEQ, bound to: springCloudBus
2025-08-20T13:45:20.662+05:30  INFO 16756 --- [order-cart-service] [main] [                                                 ] o.s.a.r.c.CachingConnectionFactory       : Attempting to connect to: [localhost:5672]
2025-08-20T13:45:20.909+05:30  INFO 16756 --- [order-cart-service] [DiscoveryClient-InstanceInfoReplicator-%d] [                                                 ] com.netflix.discovery.DiscoveryClient    : DiscoveryClient_ORDER-CART-SERVICE/DESKTOP-IEJSSAR.mshome.net:order-cart-service:8083 - registration status: 204
2025-08-20T13:45:21.198+05:30  INFO 16756 --- [order-cart-service] [main] [                                                 ] o.s.a.r.c.CachingConnectionFactory       : Created new connection: rabbitConnectionFactory#68068736:0/SimpleConnection@f8b81a1 [delegate=amqp://guest@127.0.0.1:5672/, localPort=55186]
2025-08-20T13:45:21.788+05:30  INFO 16756 --- [order-cart-service] [main] [                                                 ] o.s.c.stream.binder.BinderErrorChannel   : Channel 'rabbit-356751525.springCloudBusInput.errors' has 1 subscriber(s).
2025-08-20T13:45:21.796+05:30  INFO 16756 --- [order-cart-service] [main] [                                                 ] o.s.c.stream.binder.BinderErrorChannel   : Channel 'rabbit-356751525.springCloudBusInput.errors' has 2 subscriber(s).
2025-08-20T13:45:21.922+05:30  INFO 16756 --- [order-cart-service] [main] [                                                 ] o.s.i.a.i.AmqpInboundChannelAdapter      : started bean 'inbound.springCloudBus.anonymous.2BvGY8s8S7urwsGSER8OEQ'
2025-08-20T13:45:22.030+05:30  INFO 16756 --- [order-cart-service] [main] [                                                 ] o.s.b.w.embedded.tomcat.TomcatWebServer  : Tomcat started on port 8083 (http) with context path '/'
2025-08-20T13:45:22.034+05:30  INFO 16756 --- [order-cart-service] [main] [                                                 ] .s.c.n.e.s.EurekaAutoServiceRegistration : Updating port to 8083
2025-08-20T13:45:22.350+05:30  INFO 16756 --- [order-cart-service] [main] [                                                 ] com.ecommerce.order.OrderApplication     : Started OrderApplication in 70.759 seconds (process running for 74.388)
2025-08-20T13:45:23.033+05:30  INFO 16756 --- [order-cart-service] [http-nio-8083-exec-1] [                                                 ] o.a.c.c.C.[Tomcat].[localhost].[/]       : Initializing Spring DispatcherServlet 'dispatcherServlet'
2025-08-20T13:45:23.035+05:30  INFO 16756 --- [order-cart-service] [http-nio-8083-exec-1] [                                                 ] o.s.web.servlet.DispatcherServlet        : Initializing Servlet 'dispatcherServlet'
2025-08-20T13:45:23.056+05:30  INFO 16756 --- [order-cart-service] [http-nio-8083-exec-1] [                                                 ] o.s.web.servlet.DispatcherServlet        : Completed initialization in 8 ms
2025-08-20T13:45:49.699+05:30  INFO 16756 --- [order-cart-service] [DiscoveryClient-CacheRefreshExecutor-%d] [                                                 ] com.netflix.discovery.DiscoveryClient    : Disable delta property : false
2025-08-20T13:45:49.701+05:30  INFO 16756 --- [order-cart-service] [DiscoveryClient-CacheRefreshExecutor-%d] [                                                 ] com.netflix.discovery.DiscoveryClient    : Single vip registry refresh property : null
2025-08-20T13:45:49.702+05:30  INFO 16756 --- [order-cart-service] [DiscoveryClient-CacheRefreshExecutor-%d] [                                                 ] com.netflix.discovery.DiscoveryClient    : Force full registry fetch : false
2025-08-20T13:45:49.702+05:30  INFO 16756 --- [order-cart-service] [DiscoveryClient-CacheRefreshExecutor-%d] [                                                 ] com.netflix.discovery.DiscoveryClient    : Application is null : false
2025-08-20T13:45:49.703+05:30  INFO 16756 --- [order-cart-service] [DiscoveryClient-CacheRefreshExecutor-%d] [                                                 ] com.netflix.discovery.DiscoveryClient    : Registered Applications size is zero : true
2025-08-20T13:45:49.703+05:30  INFO 16756 --- [order-cart-service] [DiscoveryClient-CacheRefreshExecutor-%d] [                                                 ] com.netflix.discovery.DiscoveryClient    : Application version is -1: false
2025-08-20T13:45:49.704+05:30  INFO 16756 --- [order-cart-service] [DiscoveryClient-CacheRefreshExecutor-%d] [                                                 ] com.netflix.discovery.DiscoveryClient    : Getting all instance registry info from the eureka server
2025-08-20T13:45:49.806+05:30  INFO 16756 --- [order-cart-service] [DiscoveryClient-CacheRefreshExecutor-%d] [                                                 ] com.netflix.discovery.DiscoveryClient    : The response status is 200
2025-08-20T13:50:18.622+05:30  INFO 16756 --- [order-cart-service] [AsyncResolver-bootstrap-executor-%d] [                                                 ] c.n.d.s.r.aws.ConfigClusterResolver      : Resolving eureka endpoints via configuration
2025-08-20T13:55:18.687+05:30  INFO 16756 --- [order-cart-service] [AsyncResolver-bootstrap-executor-%d] [                                                 ] c.n.d.s.r.aws.ConfigClusterResolver      : Resolving eureka endpoints via configuration
2025-08-20T14:00:18.837+05:30  INFO 16756 --- [order-cart-service] [AsyncResolver-bootstrap-executor-%d] [                                                 ] c.n.d.s.r.aws.ConfigClusterResolver      : Resolving eureka endpoints via configuration
