2025-08-19T10:44:48.711+05:30  INFO 14872 --- [product-service] [main] [                                                 ] c.ecommerce.product.ProductApplication   : Starting ProductApplication using Java 21.0.8 with PID 14872 (C:\Users\pc\Desktop\Ecom-Microservices\Microservices with Eureka , API Gateway and Resilience4j\product\target\classes started by pc in C:\Users\pc\Desktop\Ecom-Microservices\Microservices with Eureka , API Gateway and Resilience4j)
2025-08-19T10:44:48.782+05:30  INFO 14872 --- [product-service] [main] [                                                 ] c.ecommerce.product.ProductApplication   : No active profile set, falling back to 1 default profile: "default"
2025-08-19T10:44:49.211+05:30  INFO 14872 --- [product-service] [main] [                                                 ] o.s.c.c.c.ConfigServerConfigDataLoader   : Fetching config from server at : http://localhost:8888
2025-08-19T10:44:49.212+05:30  INFO 14872 --- [product-service] [main] [                                                 ] o.s.c.c.c.ConfigServerConfigDataLoader   : Located environment: name=product-service, profiles=[default], label=null, version=null, state=null
2025-08-19T10:44:55.053+05:30  INFO 14872 --- [product-service] [main] [                                                 ] .s.d.r.c.RepositoryConfigurationDelegate : Bootstrapping Spring Data JPA repositories in DEFAULT mode.
2025-08-19T10:44:55.522+05:30  INFO 14872 --- [product-service] [main] [                                                 ] .s.d.r.c.RepositoryConfigurationDelegate : Finished Spring Data repository scanning in 434 ms. Found 1 JPA repository interface.
2025-08-19T10:44:56.295+05:30  INFO 14872 --- [product-service] [main] [                                                 ] faultConfiguringBeanFactoryPostProcessor : No bean named 'errorChannel' has been explicitly defined. Therefore, a default PublishSubscribeChannel will be created.
2025-08-19T10:44:56.319+05:30  INFO 14872 --- [product-service] [main] [                                                 ] faultConfiguringBeanFactoryPostProcessor : No bean named 'integrationHeaderChannelRegistry' has been explicitly defined. Therefore, a default DefaultHeaderChannelRegistry will be created.
2025-08-19T10:44:56.672+05:30  INFO 14872 --- [product-service] [main] [                                                 ] o.s.cloud.context.scope.GenericScope     : BeanFactory id=765bc0af-89df-302d-b12c-28fa085ad896
2025-08-19T10:44:58.433+05:30  INFO 14872 --- [product-service] [main] [                                                 ] o.s.b.w.embedded.tomcat.TomcatWebServer  : Tomcat initialized with port 8081 (http)
2025-08-19T10:44:58.488+05:30  INFO 14872 --- [product-service] [main] [                                                 ] o.apache.catalina.core.StandardService   : Starting service [Tomcat]
2025-08-19T10:44:58.489+05:30  INFO 14872 --- [product-service] [main] [                                                 ] o.apache.catalina.core.StandardEngine    : Starting Servlet engine: [Apache Tomcat/10.1.43]
2025-08-19T10:44:58.937+05:30  INFO 14872 --- [product-service] [main] [                                                 ] o.a.c.c.C.[Tomcat].[localhost].[/]       : Initializing Spring embedded WebApplicationContext
2025-08-19T10:44:58.938+05:30  INFO 14872 --- [product-service] [main] [                                                 ] w.s.c.ServletWebServerApplicationContext : Root WebApplicationContext: initialization completed in 9707 ms
2025-08-19T10:45:00.997+05:30  INFO 14872 --- [product-service] [main] [                                                 ] o.hibernate.jpa.internal.util.LogHelper  : HHH000204: Processing PersistenceUnitInfo [name: default]
2025-08-19T10:45:01.235+05:30  INFO 14872 --- [product-service] [main] [                                                 ] org.hibernate.Version                    : HHH000412: Hibernate ORM core version 6.6.22.Final
2025-08-19T10:45:01.415+05:30  INFO 14872 --- [product-service] [main] [                                                 ] o.h.c.internal.RegionFactoryInitiator    : HHH000026: Second-level cache disabled
2025-08-19T10:45:02.677+05:30  INFO 14872 --- [product-service] [main] [                                                 ] o.s.o.j.p.SpringPersistenceUnitInfo      : No LoadTimeWeaver setup: ignoring JPA class transformer
2025-08-19T10:45:02.852+05:30  INFO 14872 --- [product-service] [main] [                                                 ] com.zaxxer.hikari.HikariDataSource       : HikariPool-1 - Starting...
2025-08-19T10:45:10.586+05:30  INFO 14872 --- [product-service] [main] [                                                 ] com.zaxxer.hikari.pool.HikariPool        : HikariPool-1 - Added connection org.postgresql.jdbc.PgConnection@7164e54
2025-08-19T10:45:10.593+05:30  INFO 14872 --- [product-service] [main] [                                                 ] com.zaxxer.hikari.HikariDataSource       : HikariPool-1 - Start completed.
2025-08-19T10:45:10.985+05:30  WARN 14872 --- [product-service] [main] [                                                 ] org.hibernate.orm.deprecation            : HHH90000025: PostgreSQLDialect does not need to be specified explicitly using 'hibernate.dialect' (remove the property setting and it will be selected by default)
2025-08-19T10:45:12.487+05:30  INFO 14872 --- [product-service] [main] [                                                 ] org.hibernate.orm.connections.pooling    : HHH10001005: Database info:
	Database JDBC URL [Connecting through datasource 'HikariDataSource (HikariPool-1)']
	Database driver: undefined/unknown
	Database version: 17.5
	Autocommit mode: undefined/unknown
	Isolation level: undefined/unknown
	Minimum pool size: undefined/unknown
	Maximum pool size: undefined/unknown
2025-08-19T10:45:15.755+05:30  INFO 14872 --- [product-service] [main] [                                                 ] o.h.e.t.j.p.i.JtaPlatformInitiator       : HHH000489: No JTA platform available (set 'hibernate.transaction.jta.platform' to enable JTA platform integration)
2025-08-19T10:45:17.250+05:30  INFO 14872 --- [product-service] [main] [                                                 ] j.LocalContainerEntityManagerFactoryBean : Initialized JPA EntityManagerFactory for persistence unit 'default'
2025-08-19T10:45:18.427+05:30  INFO 14872 --- [product-service] [main] [                                                 ] o.s.d.j.r.query.QueryEnhancerFactory     : Hibernate is in classpath; If applicable, HQL parser will be used.
2025-08-19T10:45:23.537+05:30  WARN 14872 --- [product-service] [main] [                                                 ] JpaBaseConfiguration$JpaWebConfiguration : spring.jpa.open-in-view is enabled by default. Therefore, database queries may be performed during view rendering. Explicitly configure spring.jpa.open-in-view to disable this warning
2025-08-19T10:45:29.382+05:30  WARN 14872 --- [product-service] [main] [                                                 ] c.f.c.c.BeanFactoryAwareFunctionRegistry : Failed to locate function 'busConsumer' for function definition 'busConsumer'. Returning null.
2025-08-19T10:45:29.972+05:30  INFO 14872 --- [product-service] [main] [                                                 ] o.s.c.s.m.DirectWithAttributesChannel    : Channel 'product-service.springCloudBusInput' has 1 subscriber(s).
2025-08-19T10:45:31.316+05:30  INFO 14872 --- [product-service] [main] [                                                 ] DiscoveryClientOptionalArgsConfiguration : Eureka HTTP Client uses RestTemplate.
2025-08-19T10:45:31.580+05:30  WARN 14872 --- [product-service] [main] [                                                 ] iguration$LoadBalancerCaffeineWarnLogger : Spring Cloud LoadBalancer is currently working with the default cache. While this cache implementation is useful for development and tests, it's recommended to use Caffeine cache in production.You can switch to using Caffeine cache, by adding it and org.springframework.cache.caffeine.CaffeineCacheManager to the classpath.
2025-08-19T10:45:31.624+05:30  INFO 14872 --- [product-service] [main] [                                                 ] o.s.b.a.e.web.EndpointLinksResolver      : Exposing 25 endpoints beneath base path '/actuator'
2025-08-19T10:45:32.171+05:30  INFO 14872 --- [product-service] [main] [                                                 ] o.s.i.endpoint.EventDrivenConsumer       : Adding {logging-channel-adapter:_org.springframework.integration.errorLogger} as a subscriber to the 'errorChannel' channel
2025-08-19T10:45:32.171+05:30  INFO 14872 --- [product-service] [main] [                                                 ] o.s.i.channel.PublishSubscribeChannel    : Channel 'product-service.errorChannel' has 1 subscriber(s).
2025-08-19T10:45:32.172+05:30  INFO 14872 --- [product-service] [main] [                                                 ] o.s.i.endpoint.EventDrivenConsumer       : started bean '_org.springframework.integration.errorLogger'
2025-08-19T10:45:32.566+05:30  INFO 14872 --- [product-service] [main] [                                                 ] o.s.c.n.eureka.InstanceInfoFactory       : Setting initial instance status as: STARTING
2025-08-19T10:45:32.675+05:30  INFO 14872 --- [product-service] [main] [                                                 ] com.netflix.discovery.DiscoveryClient    : Initializing Eureka in region us-east-1
2025-08-19T10:45:32.687+05:30  INFO 14872 --- [product-service] [main] [                                                 ] c.n.d.s.r.aws.ConfigClusterResolver      : Resolving eureka endpoints via configuration
2025-08-19T10:45:32.727+05:30  INFO 14872 --- [product-service] [main] [                                                 ] com.netflix.discovery.DiscoveryClient    : Disable delta property : false
2025-08-19T10:45:32.728+05:30  INFO 14872 --- [product-service] [main] [                                                 ] com.netflix.discovery.DiscoveryClient    : Single vip registry refresh property : null
2025-08-19T10:45:32.728+05:30  INFO 14872 --- [product-service] [main] [                                                 ] com.netflix.discovery.DiscoveryClient    : Force full registry fetch : false
2025-08-19T10:45:32.728+05:30  INFO 14872 --- [product-service] [main] [                                                 ] com.netflix.discovery.DiscoveryClient    : Application is null : false
2025-08-19T10:45:32.728+05:30  INFO 14872 --- [product-service] [main] [                                                 ] com.netflix.discovery.DiscoveryClient    : Registered Applications size is zero : true
2025-08-19T10:45:32.729+05:30  INFO 14872 --- [product-service] [main] [                                                 ] com.netflix.discovery.DiscoveryClient    : Application version is -1: true
2025-08-19T10:45:32.729+05:30  INFO 14872 --- [product-service] [main] [                                                 ] com.netflix.discovery.DiscoveryClient    : Getting all instance registry info from the eureka server
2025-08-19T10:45:34.899+05:30  INFO 14872 --- [product-service] [main] [                                                 ] com.netflix.discovery.DiscoveryClient    : The response status is 200
2025-08-19T10:45:34.906+05:30  INFO 14872 --- [product-service] [main] [                                                 ] com.netflix.discovery.DiscoveryClient    : Starting heartbeat executor: renew interval is: 30
2025-08-19T10:45:34.915+05:30  INFO 14872 --- [product-service] [main] [                                                 ] c.n.discovery.InstanceInfoReplicator     : InstanceInfoReplicator onDemand update allowed rate per min is 4
2025-08-19T10:45:34.921+05:30  INFO 14872 --- [product-service] [main] [                                                 ] com.netflix.discovery.DiscoveryClient    : Discovery Client initialized at timestamp 1755580534920 with initial instances count: 0
2025-08-19T10:45:34.956+05:30  INFO 14872 --- [product-service] [main] [                                                 ] o.s.c.n.e.s.EurekaServiceRegistry        : Registering application PRODUCT-SERVICE with eureka with status UP
2025-08-19T10:45:34.959+05:30  INFO 14872 --- [product-service] [main] [                                                 ] com.netflix.discovery.DiscoveryClient    : Saw local status change event StatusChangeEvent [timestamp=1755580534959, current=UP, previous=STARTING]
2025-08-19T10:45:34.967+05:30  INFO 14872 --- [product-service] [main] [                                                 ] o.s.c.s.binder.DefaultBinderFactory      : Creating binder: rabbit
2025-08-19T10:45:34.968+05:30  INFO 14872 --- [product-service] [main] [                                                 ] o.s.c.s.binder.DefaultBinderFactory      : Constructing binder child context for rabbit
2025-08-19T10:45:35.122+05:30  INFO 14872 --- [product-service] [DiscoveryClient-InstanceInfoReplicator-%d] [                                                 ] com.netflix.discovery.DiscoveryClient    : DiscoveryClient_PRODUCT-SERVICE/DESKTOP-IEJSSAR.mshome.net:product-service:8081: registering service...
2025-08-19T10:45:35.811+05:30  INFO 14872 --- [product-service] [main] [                                                 ] o.s.c.s.binder.DefaultBinderFactory      : Caching the binder: rabbit
2025-08-19T10:45:35.948+05:30  INFO 14872 --- [product-service] [main] [                                                 ] c.s.b.r.p.RabbitExchangeQueueProvisioner : declaring queue for inbound: springCloudBus.anonymous.NK9-GRE8SxCoevpOJayHYg, bound to: springCloudBus
2025-08-19T10:45:36.129+05:30  INFO 14872 --- [product-service] [main] [                                                 ] o.s.a.r.c.CachingConnectionFactory       : Attempting to connect to: [localhost:5672]
2025-08-19T10:45:36.425+05:30  INFO 14872 --- [product-service] [DiscoveryClient-InstanceInfoReplicator-%d] [                                                 ] com.netflix.discovery.DiscoveryClient    : DiscoveryClient_PRODUCT-SERVICE/DESKTOP-IEJSSAR.mshome.net:product-service:8081 - registration status: 204
2025-08-19T10:45:36.822+05:30  INFO 14872 --- [product-service] [main] [                                                 ] o.s.a.r.c.CachingConnectionFactory       : Created new connection: rabbitConnectionFactory#86a4b9b:0/SimpleConnection@3ce270ae [delegate=amqp://guest@127.0.0.1:5672/, localPort=59038]
2025-08-19T10:45:37.255+05:30  INFO 14872 --- [product-service] [main] [                                                 ] o.s.c.stream.binder.BinderErrorChannel   : Channel 'rabbit-1600381385.springCloudBusInput.errors' has 1 subscriber(s).
2025-08-19T10:45:37.259+05:30  INFO 14872 --- [product-service] [main] [                                                 ] o.s.c.stream.binder.BinderErrorChannel   : Channel 'rabbit-1600381385.springCloudBusInput.errors' has 2 subscriber(s).
2025-08-19T10:45:37.516+05:30  INFO 14872 --- [product-service] [main] [                                                 ] o.s.i.a.i.AmqpInboundChannelAdapter      : started bean 'inbound.springCloudBus.anonymous.NK9-GRE8SxCoevpOJayHYg'
2025-08-19T10:45:37.597+05:30  INFO 14872 --- [product-service] [main] [                                                 ] o.s.b.w.embedded.tomcat.TomcatWebServer  : Tomcat started on port 8081 (http) with context path '/'
2025-08-19T10:45:37.620+05:30  INFO 14872 --- [product-service] [main] [                                                 ] .s.c.n.e.s.EurekaAutoServiceRegistration : Updating port to 8081
2025-08-19T10:45:38.070+05:30  INFO 14872 --- [product-service] [main] [                                                 ] c.ecommerce.product.ProductApplication   : Started ProductApplication in 54.608 seconds (process running for 57.468)
2025-08-19T10:45:38.074+05:30  INFO 14872 --- [product-service] [SpringApplicationShutdownHook] [                                                 ] o.s.c.n.e.s.EurekaServiceRegistry        : Unregistering application PRODUCT-SERVICE with eureka with status DOWN
2025-08-19T10:45:38.075+05:30  INFO 14872 --- [product-service] [SpringApplicationShutdownHook] [                                                 ] com.netflix.discovery.DiscoveryClient    : Saw local status change event StatusChangeEvent [timestamp=1755580538075, current=DOWN, previous=UP]
2025-08-19T10:45:38.076+05:30  INFO 14872 --- [product-service] [DiscoveryClient-InstanceInfoReplicator-%d] [                                                 ] com.netflix.discovery.DiscoveryClient    : DiscoveryClient_PRODUCT-SERVICE/DESKTOP-IEJSSAR.mshome.net:product-service:8081: registering service...
2025-08-19T10:45:38.085+05:30  INFO 14872 --- [product-service] [SpringApplicationShutdownHook] [                                                 ] o.s.b.w.e.tomcat.GracefulShutdown        : Commencing graceful shutdown. Waiting for active requests to complete
2025-08-19T10:45:38.092+05:30  INFO 14872 --- [product-service] [DiscoveryClient-InstanceInfoReplicator-%d] [                                                 ] com.netflix.discovery.DiscoveryClient    : DiscoveryClient_PRODUCT-SERVICE/DESKTOP-IEJSSAR.mshome.net:product-service:8081 - registration status: 204
2025-08-19T10:45:38.184+05:30  INFO 14872 --- [product-service] [tomcat-shutdown] [                                                 ] o.s.b.w.e.tomcat.GracefulShutdown        : Graceful shutdown complete
2025-08-19T10:45:38.943+05:30  INFO 14872 --- [product-service] [SpringApplicationShutdownHook] [                                                 ] o.s.a.r.l.SimpleMessageListenerContainer : Waiting for workers to finish.
2025-08-19T10:45:38.944+05:30  INFO 14872 --- [product-service] [SpringApplicationShutdownHook] [                                                 ] o.s.a.r.l.SimpleMessageListenerContainer : Successfully waited for workers to finish.
2025-08-19T10:45:38.946+05:30  INFO 14872 --- [product-service] [SpringApplicationShutdownHook] [                                                 ] o.s.i.a.i.AmqpInboundChannelAdapter      : stopped bean 'inbound.springCloudBus.anonymous.NK9-GRE8SxCoevpOJayHYg'
2025-08-19T10:45:38.960+05:30  INFO 14872 --- [product-service] [SpringApplicationShutdownHook] [                                                 ] o.s.c.stream.binder.BinderErrorChannel   : Channel 'product-service.rabbit-1600381385.springCloudBusInput.errors' has 1 subscriber(s).
2025-08-19T10:45:38.964+05:30  INFO 14872 --- [product-service] [SpringApplicationShutdownHook] [                                                 ] o.s.c.stream.binder.BinderErrorChannel   : Channel 'product-service.rabbit-1600381385.springCloudBusInput.errors' has 0 subscriber(s).
2025-08-19T10:45:39.313+05:30  INFO 14872 --- [product-service] [SpringApplicationShutdownHook] [                                                 ] o.s.i.endpoint.EventDrivenConsumer       : Removing {logging-channel-adapter:_org.springframework.integration.errorLogger} as a subscriber to the 'errorChannel' channel
2025-08-19T10:45:39.314+05:30  INFO 14872 --- [product-service] [SpringApplicationShutdownHook] [                                                 ] o.s.i.channel.PublishSubscribeChannel    : Channel 'product-service.errorChannel' has 0 subscriber(s).
2025-08-19T10:45:39.316+05:30  INFO 14872 --- [product-service] [SpringApplicationShutdownHook] [                                                 ] o.s.i.endpoint.EventDrivenConsumer       : stopped bean '_org.springframework.integration.errorLogger'
2025-08-19T10:45:39.344+05:30  INFO 14872 --- [product-service] [SpringApplicationShutdownHook] [                                                 ] j.LocalContainerEntityManagerFactoryBean : Closing JPA EntityManagerFactory for persistence unit 'default'
2025-08-19T10:45:39.360+05:30  INFO 14872 --- [product-service] [SpringApplicationShutdownHook] [                                                 ] com.zaxxer.hikari.HikariDataSource       : HikariPool-1 - Shutdown initiated...
2025-08-19T10:45:45.303+05:30  INFO 14872 --- [product-service] [SpringApplicationShutdownHook] [                                                 ] com.zaxxer.hikari.HikariDataSource       : HikariPool-1 - Shutdown completed.
2025-08-19T10:45:45.439+05:30  INFO 14872 --- [product-service] [SpringApplicationShutdownHook] [                                                 ] com.netflix.discovery.DiscoveryClient    : Shutting down DiscoveryClient ...
2025-08-19T10:45:48.455+05:30  INFO 14872 --- [product-service] [SpringApplicationShutdownHook] [                                                 ] com.netflix.discovery.DiscoveryClient    : Unregistering ...
2025-08-19T10:45:48.578+05:30  INFO 14872 --- [product-service] [SpringApplicationShutdownHook] [                                                 ] com.netflix.discovery.DiscoveryClient    : DiscoveryClient_PRODUCT-SERVICE/DESKTOP-IEJSSAR.mshome.net:product-service:8081 - deregister  status: 200
2025-08-19T10:45:48.579+05:30  INFO 14872 --- [product-service] [SpringApplicationShutdownHook] [                                                 ] com.netflix.discovery.DiscoveryClient    : Completed shut down of DiscoveryClient
2025-08-19T10:49:45.968+05:30  INFO 16848 --- [product-service] [main] [                                                 ] c.ecommerce.product.ProductApplication   : Starting ProductApplication using Java 21.0.8 with PID 16848 (C:\Users\pc\Desktop\Ecom-Microservices\Microservices with Eureka , API Gateway and Resilience4j\product\target\classes started by pc in C:\Users\pc\Desktop\Ecom-Microservices\Microservices with Eureka , API Gateway and Resilience4j)
2025-08-19T10:49:45.977+05:30  INFO 16848 --- [product-service] [main] [                                                 ] c.ecommerce.product.ProductApplication   : No active profile set, falling back to 1 default profile: "default"
2025-08-19T10:49:46.116+05:30  INFO 16848 --- [product-service] [main] [                                                 ] o.s.c.c.c.ConfigServerConfigDataLoader   : Fetching config from server at : http://localhost:8888
2025-08-19T10:49:46.117+05:30  INFO 16848 --- [product-service] [main] [                                                 ] o.s.c.c.c.ConfigServerConfigDataLoader   : Located environment: name=product-service, profiles=[default], label=null, version=null, state=null
2025-08-19T10:49:57.258+05:30  INFO 16848 --- [product-service] [main] [                                                 ] .s.d.r.c.RepositoryConfigurationDelegate : Bootstrapping Spring Data JPA repositories in DEFAULT mode.
2025-08-19T10:49:57.929+05:30  INFO 16848 --- [product-service] [main] [                                                 ] .s.d.r.c.RepositoryConfigurationDelegate : Finished Spring Data repository scanning in 636 ms. Found 1 JPA repository interface.
2025-08-19T10:49:59.096+05:30  INFO 16848 --- [product-service] [main] [                                                 ] faultConfiguringBeanFactoryPostProcessor : No bean named 'errorChannel' has been explicitly defined. Therefore, a default PublishSubscribeChannel will be created.
2025-08-19T10:49:59.128+05:30  INFO 16848 --- [product-service] [main] [                                                 ] faultConfiguringBeanFactoryPostProcessor : No bean named 'integrationHeaderChannelRegistry' has been explicitly defined. Therefore, a default DefaultHeaderChannelRegistry will be created.
2025-08-19T10:49:59.723+05:30  INFO 16848 --- [product-service] [main] [                                                 ] o.s.cloud.context.scope.GenericScope     : BeanFactory id=765bc0af-89df-302d-b12c-28fa085ad896
2025-08-19T10:50:03.995+05:30  INFO 16848 --- [product-service] [main] [                                                 ] o.s.b.w.embedded.tomcat.TomcatWebServer  : Tomcat initialized with port 8081 (http)
2025-08-19T10:50:04.077+05:30  INFO 16848 --- [product-service] [main] [                                                 ] o.apache.catalina.core.StandardService   : Starting service [Tomcat]
2025-08-19T10:50:04.078+05:30  INFO 16848 --- [product-service] [main] [                                                 ] o.apache.catalina.core.StandardEngine    : Starting Servlet engine: [Apache Tomcat/10.1.43]
2025-08-19T10:50:04.626+05:30  INFO 16848 --- [product-service] [main] [                                                 ] o.a.c.c.C.[Tomcat].[localhost].[/]       : Initializing Spring embedded WebApplicationContext
2025-08-19T10:50:04.628+05:30  INFO 16848 --- [product-service] [main] [                                                 ] w.s.c.ServletWebServerApplicationContext : Root WebApplicationContext: initialization completed in 18502 ms
2025-08-19T10:50:07.298+05:30  INFO 16848 --- [product-service] [main] [                                                 ] o.hibernate.jpa.internal.util.LogHelper  : HHH000204: Processing PersistenceUnitInfo [name: default]
2025-08-19T10:50:07.577+05:30  INFO 16848 --- [product-service] [main] [                                                 ] org.hibernate.Version                    : HHH000412: Hibernate ORM core version 6.6.22.Final
2025-08-19T10:50:07.738+05:30  INFO 16848 --- [product-service] [main] [                                                 ] o.h.c.internal.RegionFactoryInitiator    : HHH000026: Second-level cache disabled
2025-08-19T10:50:09.190+05:30  INFO 16848 --- [product-service] [main] [                                                 ] o.s.o.j.p.SpringPersistenceUnitInfo      : No LoadTimeWeaver setup: ignoring JPA class transformer
2025-08-19T10:50:09.343+05:30  INFO 16848 --- [product-service] [main] [                                                 ] com.zaxxer.hikari.HikariDataSource       : HikariPool-1 - Starting...
2025-08-19T10:50:15.148+05:30  INFO 16848 --- [product-service] [main] [                                                 ] com.zaxxer.hikari.pool.HikariPool        : HikariPool-1 - Added connection org.postgresql.jdbc.PgConnection@3a22d69f
2025-08-19T10:50:15.152+05:30  INFO 16848 --- [product-service] [main] [                                                 ] com.zaxxer.hikari.HikariDataSource       : HikariPool-1 - Start completed.
2025-08-19T10:50:15.901+05:30  WARN 16848 --- [product-service] [main] [                                                 ] org.hibernate.orm.deprecation            : HHH90000025: PostgreSQLDialect does not need to be specified explicitly using 'hibernate.dialect' (remove the property setting and it will be selected by default)
2025-08-19T10:50:16.721+05:30  INFO 16848 --- [product-service] [main] [                                                 ] org.hibernate.orm.connections.pooling    : HHH10001005: Database info:
	Database JDBC URL [Connecting through datasource 'HikariDataSource (HikariPool-1)']
	Database driver: undefined/unknown
	Database version: 17.5
	Autocommit mode: undefined/unknown
	Isolation level: undefined/unknown
	Minimum pool size: undefined/unknown
	Maximum pool size: undefined/unknown
2025-08-19T10:50:20.641+05:30  INFO 16848 --- [product-service] [main] [                                                 ] o.h.e.t.j.p.i.JtaPlatformInitiator       : HHH000489: No JTA platform available (set 'hibernate.transaction.jta.platform' to enable JTA platform integration)
2025-08-19T10:50:22.000+05:30  INFO 16848 --- [product-service] [main] [                                                 ] j.LocalContainerEntityManagerFactoryBean : Initialized JPA EntityManagerFactory for persistence unit 'default'
2025-08-19T10:50:22.690+05:30  INFO 16848 --- [product-service] [main] [                                                 ] o.s.d.j.r.query.QueryEnhancerFactory     : Hibernate is in classpath; If applicable, HQL parser will be used.
2025-08-19T10:50:26.157+05:30  WARN 16848 --- [product-service] [main] [                                                 ] JpaBaseConfiguration$JpaWebConfiguration : spring.jpa.open-in-view is enabled by default. Therefore, database queries may be performed during view rendering. Explicitly configure spring.jpa.open-in-view to disable this warning
2025-08-19T10:50:30.361+05:30  WARN 16848 --- [product-service] [main] [                                                 ] c.f.c.c.BeanFactoryAwareFunctionRegistry : Failed to locate function 'busConsumer' for function definition 'busConsumer'. Returning null.
2025-08-19T10:50:30.555+05:30  INFO 16848 --- [product-service] [main] [                                                 ] o.s.c.s.m.DirectWithAttributesChannel    : Channel 'product-service.springCloudBusInput' has 1 subscriber(s).
2025-08-19T10:50:31.336+05:30  INFO 16848 --- [product-service] [main] [                                                 ] DiscoveryClientOptionalArgsConfiguration : Eureka HTTP Client uses RestTemplate.
2025-08-19T10:50:31.474+05:30  WARN 16848 --- [product-service] [main] [                                                 ] iguration$LoadBalancerCaffeineWarnLogger : Spring Cloud LoadBalancer is currently working with the default cache. While this cache implementation is useful for development and tests, it's recommended to use Caffeine cache in production.You can switch to using Caffeine cache, by adding it and org.springframework.cache.caffeine.CaffeineCacheManager to the classpath.
2025-08-19T10:50:31.506+05:30  INFO 16848 --- [product-service] [main] [                                                 ] o.s.b.a.e.web.EndpointLinksResolver      : Exposing 25 endpoints beneath base path '/actuator'
2025-08-19T10:50:32.625+05:30  INFO 16848 --- [product-service] [main] [                                                 ] o.s.i.endpoint.EventDrivenConsumer       : Adding {logging-channel-adapter:_org.springframework.integration.errorLogger} as a subscriber to the 'errorChannel' channel
2025-08-19T10:50:32.627+05:30  INFO 16848 --- [product-service] [main] [                                                 ] o.s.i.channel.PublishSubscribeChannel    : Channel 'product-service.errorChannel' has 1 subscriber(s).
2025-08-19T10:50:32.629+05:30  INFO 16848 --- [product-service] [main] [                                                 ] o.s.i.endpoint.EventDrivenConsumer       : started bean '_org.springframework.integration.errorLogger'
2025-08-19T10:50:32.975+05:30  INFO 16848 --- [product-service] [main] [                                                 ] o.s.c.n.eureka.InstanceInfoFactory       : Setting initial instance status as: STARTING
2025-08-19T10:50:33.088+05:30  INFO 16848 --- [product-service] [main] [                                                 ] com.netflix.discovery.DiscoveryClient    : Initializing Eureka in region us-east-1
2025-08-19T10:50:33.101+05:30  INFO 16848 --- [product-service] [main] [                                                 ] c.n.d.s.r.aws.ConfigClusterResolver      : Resolving eureka endpoints via configuration
2025-08-19T10:50:33.131+05:30  INFO 16848 --- [product-service] [main] [                                                 ] com.netflix.discovery.DiscoveryClient    : Disable delta property : false
2025-08-19T10:50:33.131+05:30  INFO 16848 --- [product-service] [main] [                                                 ] com.netflix.discovery.DiscoveryClient    : Single vip registry refresh property : null
2025-08-19T10:50:33.132+05:30  INFO 16848 --- [product-service] [main] [                                                 ] com.netflix.discovery.DiscoveryClient    : Force full registry fetch : false
2025-08-19T10:50:33.132+05:30  INFO 16848 --- [product-service] [main] [                                                 ] com.netflix.discovery.DiscoveryClient    : Application is null : false
2025-08-19T10:50:33.132+05:30  INFO 16848 --- [product-service] [main] [                                                 ] com.netflix.discovery.DiscoveryClient    : Registered Applications size is zero : true
2025-08-19T10:50:33.133+05:30  INFO 16848 --- [product-service] [main] [                                                 ] com.netflix.discovery.DiscoveryClient    : Application version is -1: true
2025-08-19T10:50:33.134+05:30  INFO 16848 --- [product-service] [main] [                                                 ] com.netflix.discovery.DiscoveryClient    : Getting all instance registry info from the eureka server
2025-08-19T10:50:34.033+05:30  INFO 16848 --- [product-service] [main] [                                                 ] com.netflix.discovery.DiscoveryClient    : The response status is 200
2025-08-19T10:50:34.041+05:30  INFO 16848 --- [product-service] [main] [                                                 ] com.netflix.discovery.DiscoveryClient    : Starting heartbeat executor: renew interval is: 30
2025-08-19T10:50:34.050+05:30  INFO 16848 --- [product-service] [main] [                                                 ] c.n.discovery.InstanceInfoReplicator     : InstanceInfoReplicator onDemand update allowed rate per min is 4
2025-08-19T10:50:34.054+05:30  INFO 16848 --- [product-service] [main] [                                                 ] com.netflix.discovery.DiscoveryClient    : Discovery Client initialized at timestamp 1755580834054 with initial instances count: 3
2025-08-19T10:50:34.069+05:30  INFO 16848 --- [product-service] [main] [                                                 ] o.s.c.n.e.s.EurekaServiceRegistry        : Registering application PRODUCT-SERVICE with eureka with status UP
2025-08-19T10:50:34.072+05:30  INFO 16848 --- [product-service] [main] [                                                 ] com.netflix.discovery.DiscoveryClient    : Saw local status change event StatusChangeEvent [timestamp=1755580834071, current=UP, previous=STARTING]
2025-08-19T10:50:34.077+05:30  INFO 16848 --- [product-service] [DiscoveryClient-InstanceInfoReplicator-%d] [                                                 ] com.netflix.discovery.DiscoveryClient    : DiscoveryClient_PRODUCT-SERVICE/DESKTOP-IEJSSAR.mshome.net:product-service:8081: registering service...
2025-08-19T10:50:34.082+05:30  INFO 16848 --- [product-service] [main] [                                                 ] o.s.c.s.binder.DefaultBinderFactory      : Creating binder: rabbit
2025-08-19T10:50:34.082+05:30  INFO 16848 --- [product-service] [main] [                                                 ] o.s.c.s.binder.DefaultBinderFactory      : Constructing binder child context for rabbit
2025-08-19T10:50:34.269+05:30  INFO 16848 --- [product-service] [DiscoveryClient-InstanceInfoReplicator-%d] [                                                 ] com.netflix.discovery.DiscoveryClient    : DiscoveryClient_PRODUCT-SERVICE/DESKTOP-IEJSSAR.mshome.net:product-service:8081 - registration status: 204
2025-08-19T10:50:34.401+05:30  INFO 16848 --- [product-service] [main] [                                                 ] o.s.c.s.binder.DefaultBinderFactory      : Caching the binder: rabbit
2025-08-19T10:50:34.427+05:30  INFO 16848 --- [product-service] [main] [                                                 ] c.s.b.r.p.RabbitExchangeQueueProvisioner : declaring queue for inbound: springCloudBus.anonymous.yP5V-byfTfCOsSKKI1KY1A, bound to: springCloudBus
2025-08-19T10:50:34.439+05:30  INFO 16848 --- [product-service] [main] [                                                 ] o.s.a.r.c.CachingConnectionFactory       : Attempting to connect to: [localhost:5672]
2025-08-19T10:50:34.560+05:30  INFO 16848 --- [product-service] [main] [                                                 ] o.s.a.r.c.CachingConnectionFactory       : Created new connection: rabbitConnectionFactory#5f2eeb6b:0/SimpleConnection@d863a65 [delegate=amqp://guest@127.0.0.1:5672/, localPort=59605]
2025-08-19T10:50:34.770+05:30  INFO 16848 --- [product-service] [main] [                                                 ] o.s.c.stream.binder.BinderErrorChannel   : Channel 'rabbit-1822942969.springCloudBusInput.errors' has 1 subscriber(s).
2025-08-19T10:50:34.774+05:30  INFO 16848 --- [product-service] [main] [                                                 ] o.s.c.stream.binder.BinderErrorChannel   : Channel 'rabbit-1822942969.springCloudBusInput.errors' has 2 subscriber(s).
2025-08-19T10:50:34.853+05:30  INFO 16848 --- [product-service] [main] [                                                 ] o.s.i.a.i.AmqpInboundChannelAdapter      : started bean 'inbound.springCloudBus.anonymous.yP5V-byfTfCOsSKKI1KY1A'
2025-08-19T10:50:34.876+05:30  INFO 16848 --- [product-service] [main] [                                                 ] o.s.b.w.embedded.tomcat.TomcatWebServer  : Tomcat started on port 8081 (http) with context path '/'
2025-08-19T10:50:34.878+05:30  INFO 16848 --- [product-service] [main] [                                                 ] .s.c.n.e.s.EurekaAutoServiceRegistration : Updating port to 8081
2025-08-19T10:50:35.108+05:30  INFO 16848 --- [product-service] [main] [                                                 ] c.ecommerce.product.ProductApplication   : Started ProductApplication in 52.828 seconds (process running for 55.82)
2025-08-19T10:50:38.195+05:30  INFO 16848 --- [product-service] [http-nio-8081-exec-2] [                                                 ] o.a.c.c.C.[Tomcat].[localhost].[/]       : Initializing Spring DispatcherServlet 'dispatcherServlet'
2025-08-19T10:50:38.196+05:30  INFO 16848 --- [product-service] [http-nio-8081-exec-2] [                                                 ] o.s.web.servlet.DispatcherServlet        : Initializing Servlet 'dispatcherServlet'
2025-08-19T10:50:38.201+05:30  INFO 16848 --- [product-service] [http-nio-8081-exec-2] [                                                 ] o.s.web.servlet.DispatcherServlet        : Completed initialization in 3 ms
2025-08-19T10:55:33.169+05:30  INFO 16848 --- [product-service] [AsyncResolver-bootstrap-executor-%d] [                                                 ] c.n.d.s.r.aws.ConfigClusterResolver      : Resolving eureka endpoints via configuration
2025-08-19T11:00:33.239+05:30  INFO 16848 --- [product-service] [AsyncResolver-bootstrap-executor-%d] [                                                 ] c.n.d.s.r.aws.ConfigClusterResolver      : Resolving eureka endpoints via configuration
2025-08-19T11:05:33.256+05:30  INFO 16848 --- [product-service] [AsyncResolver-bootstrap-executor-%d] [                                                 ] c.n.d.s.r.aws.ConfigClusterResolver      : Resolving eureka endpoints via configuration
