2025-08-19T10:45:37.830+05:30  INFO 8380 --- [user-service] [main] [                                                 ] com.ecommerce.user.UserApplication       : Starting UserApplication using Java 21.0.8 with PID 8380 (C:\Users\pc\Desktop\Ecom-Microservices\Microservices with Eureka , API Gateway and Resilience4j\user\target\classes started by pc in C:\Users\pc\Desktop\Ecom-Microservices\Microservices with Eureka , API Gateway and Resilience4j)
2025-08-19T10:45:37.840+05:30  INFO 8380 --- [user-service] [main] [                                                 ] com.ecommerce.user.UserApplication       : No active profile set, falling back to 1 default profile: "default"
2025-08-19T10:45:38.068+05:30  INFO 8380 --- [user-service] [main] [                                                 ] o.s.c.c.c.ConfigServerConfigDataLoader   : Fetching config from server at : http://localhost:8888
2025-08-19T10:45:38.069+05:30  INFO 8380 --- [user-service] [main] [                                                 ] o.s.c.c.c.ConfigServerConfigDataLoader   : Located environment: name=user-service, profiles=[default], label=null, version=null, state=null
2025-08-19T10:45:44.034+05:30  INFO 8380 --- [user-service] [main] [                                                 ] .s.d.r.c.RepositoryConfigurationDelegate : Bootstrapping Spring Data MongoDB repositories in DEFAULT mode.
2025-08-19T10:45:44.487+05:30  INFO 8380 --- [user-service] [main] [                                                 ] .s.d.r.c.RepositoryConfigurationDelegate : Finished Spring Data repository scanning in 433 ms. Found 1 MongoDB repository interface.
2025-08-19T10:45:45.076+05:30  INFO 8380 --- [user-service] [main] [                                                 ] faultConfiguringBeanFactoryPostProcessor : No bean named 'errorChannel' has been explicitly defined. Therefore, a default PublishSubscribeChannel will be created.
2025-08-19T10:45:45.091+05:30  INFO 8380 --- [user-service] [main] [                                                 ] faultConfiguringBeanFactoryPostProcessor : No bean named 'integrationHeaderChannelRegistry' has been explicitly defined. Therefore, a default DefaultHeaderChannelRegistry will be created.
2025-08-19T10:45:45.403+05:30  INFO 8380 --- [user-service] [main] [                                                 ] o.s.cloud.context.scope.GenericScope     : BeanFactory id=ef8cde4d-f29e-3147-8103-16bdb3409e28
2025-08-19T10:45:46.819+05:30  INFO 8380 --- [user-service] [main] [                                                 ] o.s.b.w.embedded.tomcat.TomcatWebServer  : Tomcat initialized with port 8082 (http)
2025-08-19T10:45:46.902+05:30  INFO 8380 --- [user-service] [main] [                                                 ] o.apache.catalina.core.StandardService   : Starting service [Tomcat]
2025-08-19T10:45:46.904+05:30  INFO 8380 --- [user-service] [main] [                                                 ] o.apache.catalina.core.StandardEngine    : Starting Servlet engine: [Apache Tomcat/10.1.43]
2025-08-19T10:45:47.173+05:30  INFO 8380 --- [user-service] [main] [                                                 ] o.a.c.c.C.[Tomcat].[localhost].[/]       : Initializing Spring embedded WebApplicationContext
2025-08-19T10:45:47.174+05:30  INFO 8380 --- [user-service] [main] [                                                 ] w.s.c.ServletWebServerApplicationContext : Root WebApplicationContext: initialization completed in 9077 ms
2025-08-19T10:45:50.929+05:30  INFO 8380 --- [user-service] [main] [                                                 ] org.mongodb.driver.client                : MongoClient with metadata {"driver": {"name": "mongo-java-driver|sync|spring-boot", "version": "5.5.1"}, "os": {"type": "Windows", "name": "Windows 10", "architecture": "amd64", "version": "10.0"}, "platform": "Java/Oracle Corporation/21.0.8+12-LTS-250"} created with settings MongoClientSettings{readPreference=primary, writeConcern=WriteConcern{w=null, wTimeout=null ms, journal=null}, retryWrites=true, retryReads=true, readConcern=ReadConcern{level=null}, credential=null, transportSettings=null, commandListeners=[io.micrometer.core.instrument.binder.mongodb.MongoMetricsCommandListener@54a033b8], codecRegistry=ProvidersCodecRegistry{codecProviders=[ValueCodecProvider{}, BsonValueCodecProvider{}, DBRefCodecProvider{}, DBObjectCodecProvider{}, DocumentCodecProvider{}, CollectionCodecProvider{}, IterableCodecProvider{}, MapCodecProvider{}, GeoJsonCodecProvider{}, GridFSFileCodecProvider{}, Jsr310CodecProvider{}, JsonObjectCodecProvider{}, BsonCodecProvider{}, EnumCodecProvider{}, com.mongodb.client.model.mql.ExpressionCodecProvider@62dfe152, com.mongodb.Jep395RecordCodecProvider@46a0ef6f, com.mongodb.KotlinCodecProvider@6afced93]}, loggerSettings=LoggerSettings{maxDocumentLength=1000}, clusterSettings={hosts=[localhost:27017], srvServiceName=mongodb, mode=SINGLE, requiredClusterType=UNKNOWN, requiredReplicaSetName='null', serverSelector='null', clusterListeners='[]', serverSelectionTimeout='30000 ms', localThreshold='15 ms'}, socketSettings=SocketSettings{connectTimeoutMS=10000, readTimeoutMS=0, receiveBufferSize=0, proxySettings=ProxySettings{host=null, port=null, username=null, password=null}}, heartbeatSocketSettings=SocketSettings{connectTimeoutMS=10000, readTimeoutMS=10000, receiveBufferSize=0, proxySettings=ProxySettings{host=null, port=null, username=null, password=null}}, connectionPoolSettings=ConnectionPoolSettings{maxSize=100, minSize=0, maxWaitTimeMS=120000, maxConnectionLifeTimeMS=0, maxConnectionIdleTimeMS=0, maintenanceInitialDelayMS=0, maintenanceFrequencyMS=60000, connectionPoolListeners=[io.micrometer.core.instrument.binder.mongodb.MongoMetricsConnectionPoolListener@3f142e87], maxConnecting=2}, serverSettings=ServerSettings{heartbeatFrequencyMS=10000, minHeartbeatFrequencyMS=500, serverMonitoringMode=AUTO, serverListeners='[]', serverMonitorListeners='[]'}, sslSettings=SslSettings{enabled=false, invalidHostNameAllowed=false, context=null}, applicationName='null', compressorList=[], uuidRepresentation=JAVA_LEGACY, serverApi=null, autoEncryptionSettings=null, dnsClient=null, inetAddressResolver=null, contextProvider=null, timeoutMS=null}
2025-08-19T10:45:51.394+05:30  INFO 8380 --- [user-service] [cluster-ClusterId{value='68a40886cd20359d7f9ef9c4', description='null'}-localhost:27017] [                                                 ] org.mongodb.driver.cluster               : Monitor thread successfully connected to server with description ServerDescription{address=localhost:27017, type=STANDALONE, cryptd=false, state=CONNECTED, ok=true, minWireVersion=0, maxWireVersion=25, maxDocumentSize=16777216, logicalSessionTimeoutMinutes=30, roundTripTimeNanos=292047600, minRoundTripTimeNanos=0}
2025-08-19T10:45:57.897+05:30  WARN 8380 --- [user-service] [main] [                                                 ] c.f.c.c.BeanFactoryAwareFunctionRegistry : Failed to locate function 'busConsumer' for function definition 'busConsumer'. Returning null.
2025-08-19T10:45:58.214+05:30  INFO 8380 --- [user-service] [main] [                                                 ] o.s.c.s.m.DirectWithAttributesChannel    : Channel 'user-service.springCloudBusInput' has 1 subscriber(s).
2025-08-19T10:45:59.043+05:30  INFO 8380 --- [user-service] [main] [                                                 ] DiscoveryClientOptionalArgsConfiguration : Eureka HTTP Client uses RestTemplate.
2025-08-19T10:45:59.492+05:30  WARN 8380 --- [user-service] [main] [                                                 ] iguration$LoadBalancerCaffeineWarnLogger : Spring Cloud LoadBalancer is currently working with the default cache. While this cache implementation is useful for development and tests, it's recommended to use Caffeine cache in production.You can switch to using Caffeine cache, by adding it and org.springframework.cache.caffeine.CaffeineCacheManager to the classpath.
2025-08-19T10:45:59.523+05:30  INFO 8380 --- [user-service] [main] [                                                 ] o.s.b.a.e.web.EndpointLinksResolver      : Exposing 25 endpoints beneath base path '/actuator'
2025-08-19T10:46:00.136+05:30  INFO 8380 --- [user-service] [main] [                                                 ] o.s.i.endpoint.EventDrivenConsumer       : Adding {logging-channel-adapter:_org.springframework.integration.errorLogger} as a subscriber to the 'errorChannel' channel
2025-08-19T10:46:00.137+05:30  INFO 8380 --- [user-service] [main] [                                                 ] o.s.i.channel.PublishSubscribeChannel    : Channel 'user-service.errorChannel' has 1 subscriber(s).
2025-08-19T10:46:00.139+05:30  INFO 8380 --- [user-service] [main] [                                                 ] o.s.i.endpoint.EventDrivenConsumer       : started bean '_org.springframework.integration.errorLogger'
2025-08-19T10:46:00.244+05:30  INFO 8380 --- [user-service] [main] [                                                 ] o.s.c.n.eureka.InstanceInfoFactory       : Setting initial instance status as: STARTING
2025-08-19T10:46:00.301+05:30  INFO 8380 --- [user-service] [main] [                                                 ] com.netflix.discovery.DiscoveryClient    : Initializing Eureka in region us-east-1
2025-08-19T10:46:00.314+05:30  INFO 8380 --- [user-service] [main] [                                                 ] c.n.d.s.r.aws.ConfigClusterResolver      : Resolving eureka endpoints via configuration
2025-08-19T10:46:00.332+05:30  INFO 8380 --- [user-service] [main] [                                                 ] com.netflix.discovery.DiscoveryClient    : Disable delta property : false
2025-08-19T10:46:00.333+05:30  INFO 8380 --- [user-service] [main] [                                                 ] com.netflix.discovery.DiscoveryClient    : Single vip registry refresh property : null
2025-08-19T10:46:00.333+05:30  INFO 8380 --- [user-service] [main] [                                                 ] com.netflix.discovery.DiscoveryClient    : Force full registry fetch : false
2025-08-19T10:46:00.333+05:30  INFO 8380 --- [user-service] [main] [                                                 ] com.netflix.discovery.DiscoveryClient    : Application is null : false
2025-08-19T10:46:00.334+05:30  INFO 8380 --- [user-service] [main] [                                                 ] com.netflix.discovery.DiscoveryClient    : Registered Applications size is zero : true
2025-08-19T10:46:00.335+05:30  INFO 8380 --- [user-service] [main] [                                                 ] com.netflix.discovery.DiscoveryClient    : Application version is -1: true
2025-08-19T10:46:00.337+05:30  INFO 8380 --- [user-service] [main] [                                                 ] com.netflix.discovery.DiscoveryClient    : Getting all instance registry info from the eureka server
2025-08-19T10:46:01.176+05:30  INFO 8380 --- [user-service] [main] [                                                 ] com.netflix.discovery.DiscoveryClient    : The response status is 200
2025-08-19T10:46:01.184+05:30  INFO 8380 --- [user-service] [main] [                                                 ] com.netflix.discovery.DiscoveryClient    : Starting heartbeat executor: renew interval is: 30
2025-08-19T10:46:01.201+05:30  INFO 8380 --- [user-service] [main] [                                                 ] c.n.discovery.InstanceInfoReplicator     : InstanceInfoReplicator onDemand update allowed rate per min is 4
2025-08-19T10:46:01.206+05:30  INFO 8380 --- [user-service] [main] [                                                 ] com.netflix.discovery.DiscoveryClient    : Discovery Client initialized at timestamp 1755580561203 with initial instances count: 0
2025-08-19T10:46:01.227+05:30  INFO 8380 --- [user-service] [main] [                                                 ] o.s.c.n.e.s.EurekaServiceRegistry        : Registering application USER-SERVICE with eureka with status UP
2025-08-19T10:46:01.231+05:30  INFO 8380 --- [user-service] [main] [                                                 ] com.netflix.discovery.DiscoveryClient    : Saw local status change event StatusChangeEvent [timestamp=1755580561230, current=UP, previous=STARTING]
2025-08-19T10:46:01.244+05:30  INFO 8380 --- [user-service] [main] [                                                 ] o.s.c.s.binder.DefaultBinderFactory      : Creating binder: rabbit
2025-08-19T10:46:01.245+05:30  INFO 8380 --- [user-service] [main] [                                                 ] o.s.c.s.binder.DefaultBinderFactory      : Constructing binder child context for rabbit
2025-08-19T10:46:01.257+05:30  INFO 8380 --- [user-service] [DiscoveryClient-InstanceInfoReplicator-%d] [                                                 ] com.netflix.discovery.DiscoveryClient    : DiscoveryClient_USER-SERVICE/DESKTOP-IEJSSAR.mshome.net:user-service:8082: registering service...
2025-08-19T10:46:01.665+05:30  INFO 8380 --- [user-service] [DiscoveryClient-InstanceInfoReplicator-%d] [                                                 ] com.netflix.discovery.DiscoveryClient    : DiscoveryClient_USER-SERVICE/DESKTOP-IEJSSAR.mshome.net:user-service:8082 - registration status: 204
2025-08-19T10:46:01.974+05:30  INFO 8380 --- [user-service] [main] [                                                 ] o.s.c.s.binder.DefaultBinderFactory      : Caching the binder: rabbit
2025-08-19T10:46:02.014+05:30  INFO 8380 --- [user-service] [main] [                                                 ] c.s.b.r.p.RabbitExchangeQueueProvisioner : declaring queue for inbound: springCloudBus.anonymous.P-u_YSZwQPWQ6pAg1S9OdQ, bound to: springCloudBus
2025-08-19T10:46:02.038+05:30  INFO 8380 --- [user-service] [main] [                                                 ] o.s.a.r.c.CachingConnectionFactory       : Attempting to connect to: [localhost:5672]
2025-08-19T10:46:02.346+05:30  INFO 8380 --- [user-service] [main] [                                                 ] o.s.a.r.c.CachingConnectionFactory       : Created new connection: rabbitConnectionFactory#37fc7e3c:0/SimpleConnection@31b11287 [delegate=amqp://guest@127.0.0.1:5672/, localPort=59073]
2025-08-19T10:46:02.592+05:30  INFO 8380 --- [user-service] [main] [                                                 ] o.s.c.stream.binder.BinderErrorChannel   : Channel 'rabbit-114947620.springCloudBusInput.errors' has 1 subscriber(s).
2025-08-19T10:46:02.595+05:30  INFO 8380 --- [user-service] [main] [                                                 ] o.s.c.stream.binder.BinderErrorChannel   : Channel 'rabbit-114947620.springCloudBusInput.errors' has 2 subscriber(s).
2025-08-19T10:46:02.646+05:30  INFO 8380 --- [user-service] [main] [                                                 ] o.s.i.a.i.AmqpInboundChannelAdapter      : started bean 'inbound.springCloudBus.anonymous.P-u_YSZwQPWQ6pAg1S9OdQ'
2025-08-19T10:46:02.721+05:30  INFO 8380 --- [user-service] [main] [                                                 ] o.s.b.w.embedded.tomcat.TomcatWebServer  : Tomcat started on port 8082 (http) with context path '/'
2025-08-19T10:46:02.727+05:30  INFO 8380 --- [user-service] [main] [                                                 ] .s.c.n.e.s.EurekaAutoServiceRegistration : Updating port to 8082
2025-08-19T10:46:03.299+05:30  INFO 8380 --- [user-service] [main] [                                                 ] com.ecommerce.user.UserApplication       : Started UserApplication in 33.354 seconds (process running for 40.522)
2025-08-19T10:46:05.177+05:30  INFO 8380 --- [user-service] [http-nio-8082-exec-1] [                                                 ] o.a.c.c.C.[Tomcat].[localhost].[/]       : Initializing Spring DispatcherServlet 'dispatcherServlet'
2025-08-19T10:46:05.177+05:30  INFO 8380 --- [user-service] [http-nio-8082-exec-1] [                                                 ] o.s.web.servlet.DispatcherServlet        : Initializing Servlet 'dispatcherServlet'
2025-08-19T10:46:05.182+05:30  INFO 8380 --- [user-service] [http-nio-8082-exec-1] [                                                 ] o.s.web.servlet.DispatcherServlet        : Completed initialization in 4 ms
2025-08-19T10:46:31.199+05:30  INFO 8380 --- [user-service] [DiscoveryClient-CacheRefreshExecutor-%d] [                                                 ] com.netflix.discovery.DiscoveryClient    : Disable delta property : false
2025-08-19T10:46:31.200+05:30  INFO 8380 --- [user-service] [DiscoveryClient-CacheRefreshExecutor-%d] [                                                 ] com.netflix.discovery.DiscoveryClient    : Single vip registry refresh property : null
2025-08-19T10:46:31.200+05:30  INFO 8380 --- [user-service] [DiscoveryClient-CacheRefreshExecutor-%d] [                                                 ] com.netflix.discovery.DiscoveryClient    : Force full registry fetch : false
2025-08-19T10:46:31.200+05:30  INFO 8380 --- [user-service] [DiscoveryClient-CacheRefreshExecutor-%d] [                                                 ] com.netflix.discovery.DiscoveryClient    : Application is null : false
2025-08-19T10:46:31.201+05:30  INFO 8380 --- [user-service] [DiscoveryClient-CacheRefreshExecutor-%d] [                                                 ] com.netflix.discovery.DiscoveryClient    : Registered Applications size is zero : true
2025-08-19T10:46:31.201+05:30  INFO 8380 --- [user-service] [DiscoveryClient-CacheRefreshExecutor-%d] [                                                 ] com.netflix.discovery.DiscoveryClient    : Application version is -1: false
2025-08-19T10:46:31.201+05:30  INFO 8380 --- [user-service] [DiscoveryClient-CacheRefreshExecutor-%d] [                                                 ] com.netflix.discovery.DiscoveryClient    : Getting all instance registry info from the eureka server
2025-08-19T10:46:31.250+05:30  INFO 8380 --- [user-service] [DiscoveryClient-CacheRefreshExecutor-%d] [                                                 ] com.netflix.discovery.DiscoveryClient    : The response status is 200
2025-08-19T10:51:00.377+05:30  INFO 8380 --- [user-service] [AsyncResolver-bootstrap-executor-%d] [                                                 ] c.n.d.s.r.aws.ConfigClusterResolver      : Resolving eureka endpoints via configuration
2025-08-19T10:53:02.355+05:30  INFO 8380 --- [user-service] [SpringApplicationShutdownHook] [                                                 ] o.s.c.n.e.s.EurekaServiceRegistry        : Unregistering application USER-SERVICE with eureka with status DOWN
2025-08-19T10:53:02.358+05:30  INFO 8380 --- [user-service] [SpringApplicationShutdownHook] [                                                 ] com.netflix.discovery.DiscoveryClient    : Saw local status change event StatusChangeEvent [timestamp=1755580982358, current=DOWN, previous=UP]
2025-08-19T10:53:02.363+05:30  INFO 8380 --- [user-service] [DiscoveryClient-InstanceInfoReplicator-%d] [                                                 ] com.netflix.discovery.DiscoveryClient    : DiscoveryClient_USER-SERVICE/DESKTOP-IEJSSAR.mshome.net:user-service:8082: registering service...
2025-08-19T10:53:02.527+05:30  INFO 8380 --- [user-service] [DiscoveryClient-InstanceInfoReplicator-%d] [                                                 ] com.netflix.discovery.DiscoveryClient    : DiscoveryClient_USER-SERVICE/DESKTOP-IEJSSAR.mshome.net:user-service:8082 - registration status: 204
2025-08-19T10:53:03.081+05:30  INFO 8380 --- [user-service] [SpringApplicationShutdownHook] [                                                 ] o.s.b.w.e.tomcat.GracefulShutdown        : Commencing graceful shutdown. Waiting for active requests to complete
2025-08-19T10:53:03.233+05:30  INFO 8380 --- [user-service] [tomcat-shutdown] [                                                 ] o.s.b.w.e.tomcat.GracefulShutdown        : Graceful shutdown complete
2025-08-19T10:53:04.947+05:30  INFO 8380 --- [user-service] [SpringApplicationShutdownHook] [                                                 ] o.s.a.r.l.SimpleMessageListenerContainer : Waiting for workers to finish.
2025-08-19T10:53:04.949+05:30  INFO 8380 --- [user-service] [SpringApplicationShutdownHook] [                                                 ] o.s.a.r.l.SimpleMessageListenerContainer : Successfully waited for workers to finish.
2025-08-19T10:53:04.971+05:30  INFO 8380 --- [user-service] [SpringApplicationShutdownHook] [                                                 ] o.s.i.a.i.AmqpInboundChannelAdapter      : stopped bean 'inbound.springCloudBus.anonymous.P-u_YSZwQPWQ6pAg1S9OdQ'
2025-08-19T10:53:05.783+05:30  INFO 8380 --- [user-service] [SpringApplicationShutdownHook] [                                                 ] o.s.c.stream.binder.BinderErrorChannel   : Channel 'user-service.rabbit-114947620.springCloudBusInput.errors' has 1 subscriber(s).
2025-08-19T10:53:05.852+05:30  INFO 8380 --- [user-service] [SpringApplicationShutdownHook] [                                                 ] o.s.c.stream.binder.BinderErrorChannel   : Channel 'user-service.rabbit-114947620.springCloudBusInput.errors' has 0 subscriber(s).
2025-08-19T10:53:08.990+05:30  INFO 8380 --- [user-service] [SpringApplicationShutdownHook] [                                                 ] o.s.i.endpoint.EventDrivenConsumer       : Removing {logging-channel-adapter:_org.springframework.integration.errorLogger} as a subscriber to the 'errorChannel' channel
2025-08-19T10:53:08.991+05:30  INFO 8380 --- [user-service] [SpringApplicationShutdownHook] [                                                 ] o.s.i.channel.PublishSubscribeChannel    : Channel 'user-service.errorChannel' has 0 subscriber(s).
2025-08-19T10:53:08.995+05:30  INFO 8380 --- [user-service] [SpringApplicationShutdownHook] [                                                 ] o.s.i.endpoint.EventDrivenConsumer       : stopped bean '_org.springframework.integration.errorLogger'
2025-08-19T10:53:09.299+05:30  INFO 8380 --- [user-service] [DiscoveryClient-HeartbeatExecutor-%d] [                                                 ] com.netflix.discovery.DiscoveryClient    : DiscoveryClient_USER-SERVICE/DESKTOP-IEJSSAR.mshome.net:user-service:8082 - Re-registering apps/USER-SERVICE
2025-08-19T10:53:09.300+05:30  INFO 8380 --- [user-service] [DiscoveryClient-HeartbeatExecutor-%d] [                                                 ] com.netflix.discovery.DiscoveryClient    : DiscoveryClient_USER-SERVICE/DESKTOP-IEJSSAR.mshome.net:user-service:8082: registering service...
2025-08-19T10:53:09.333+05:30  INFO 8380 --- [user-service] [DiscoveryClient-HeartbeatExecutor-%d] [                                                 ] com.netflix.discovery.DiscoveryClient    : DiscoveryClient_USER-SERVICE/DESKTOP-IEJSSAR.mshome.net:user-service:8082 - registration status: 204
2025-08-19T10:53:10.243+05:30  INFO 8380 --- [user-service] [SpringApplicationShutdownHook] [                                                 ] com.netflix.discovery.DiscoveryClient    : Shutting down DiscoveryClient ...
2025-08-19T10:53:13.259+05:30  INFO 8380 --- [user-service] [SpringApplicationShutdownHook] [                                                 ] com.netflix.discovery.DiscoveryClient    : Unregistering ...
2025-08-19T10:53:13.649+05:30  INFO 8380 --- [user-service] [SpringApplicationShutdownHook] [                                                 ] com.netflix.discovery.DiscoveryClient    : DiscoveryClient_USER-SERVICE/DESKTOP-IEJSSAR.mshome.net:user-service:8082 - deregister  status: 200
2025-08-19T10:53:13.653+05:30  INFO 8380 --- [user-service] [SpringApplicationShutdownHook] [                                                 ] com.netflix.discovery.DiscoveryClient    : Completed shut down of DiscoveryClient
2025-08-19T11:04:14.864+05:30  INFO 7808 --- [user-service] [main] [                                                 ] com.ecommerce.user.UserApplication       : Starting UserApplication using Java 21.0.8 with PID 7808 (C:\Users\pc\Desktop\Ecom-Microservices\Microservices with Eureka , API Gateway and Resilience4j\user\target\classes started by pc in C:\Users\pc\Desktop\Ecom-Microservices\Microservices with Eureka , API Gateway and Resilience4j)
2025-08-19T11:04:14.884+05:30  INFO 7808 --- [user-service] [main] [                                                 ] com.ecommerce.user.UserApplication       : No active profile set, falling back to 1 default profile: "default"
2025-08-19T11:04:15.183+05:30  INFO 7808 --- [user-service] [main] [                                                 ] o.s.c.c.c.ConfigServerConfigDataLoader   : Fetching config from server at : http://localhost:8888
2025-08-19T11:04:15.184+05:30  INFO 7808 --- [user-service] [main] [                                                 ] o.s.c.c.c.ConfigServerConfigDataLoader   : Located environment: name=user-service, profiles=[default], label=null, version=null, state=null
2025-08-19T11:04:22.338+05:30  INFO 7808 --- [user-service] [main] [                                                 ] .s.d.r.c.RepositoryConfigurationDelegate : Bootstrapping Spring Data MongoDB repositories in DEFAULT mode.
2025-08-19T11:04:23.179+05:30  INFO 7808 --- [user-service] [main] [                                                 ] .s.d.r.c.RepositoryConfigurationDelegate : Finished Spring Data repository scanning in 790 ms. Found 1 MongoDB repository interface.
2025-08-19T11:04:25.128+05:30  INFO 7808 --- [user-service] [main] [                                                 ] faultConfiguringBeanFactoryPostProcessor : No bean named 'errorChannel' has been explicitly defined. Therefore, a default PublishSubscribeChannel will be created.
2025-08-19T11:04:25.185+05:30  INFO 7808 --- [user-service] [main] [                                                 ] faultConfiguringBeanFactoryPostProcessor : No bean named 'integrationHeaderChannelRegistry' has been explicitly defined. Therefore, a default DefaultHeaderChannelRegistry will be created.
2025-08-19T11:04:25.871+05:30  INFO 7808 --- [user-service] [main] [                                                 ] o.s.cloud.context.scope.GenericScope     : BeanFactory id=ef8cde4d-f29e-3147-8103-16bdb3409e28
2025-08-19T11:04:28.849+05:30  INFO 7808 --- [user-service] [main] [                                                 ] o.s.b.w.embedded.tomcat.TomcatWebServer  : Tomcat initialized with port 8082 (http)
2025-08-19T11:04:28.914+05:30  INFO 7808 --- [user-service] [main] [                                                 ] o.apache.catalina.core.StandardService   : Starting service [Tomcat]
2025-08-19T11:04:28.915+05:30  INFO 7808 --- [user-service] [main] [                                                 ] o.apache.catalina.core.StandardEngine    : Starting Servlet engine: [Apache Tomcat/10.1.43]
2025-08-19T11:04:29.407+05:30  INFO 7808 --- [user-service] [main] [                                                 ] o.a.c.c.C.[Tomcat].[localhost].[/]       : Initializing Spring embedded WebApplicationContext
2025-08-19T11:04:29.408+05:30  INFO 7808 --- [user-service] [main] [                                                 ] w.s.c.ServletWebServerApplicationContext : Root WebApplicationContext: initialization completed in 14211 ms
2025-08-19T11:04:35.068+05:30  INFO 7808 --- [user-service] [main] [                                                 ] org.mongodb.driver.client                : MongoClient with metadata {"driver": {"name": "mongo-java-driver|sync|spring-boot", "version": "5.5.1"}, "os": {"type": "Windows", "name": "Windows 10", "architecture": "amd64", "version": "10.0"}, "platform": "Java/Oracle Corporation/21.0.8+12-LTS-250"} created with settings MongoClientSettings{readPreference=primary, writeConcern=WriteConcern{w=null, wTimeout=null ms, journal=null}, retryWrites=true, retryReads=true, readConcern=ReadConcern{level=null}, credential=null, transportSettings=null, commandListeners=[io.micrometer.core.instrument.binder.mongodb.MongoMetricsCommandListener@28e8dee7], codecRegistry=ProvidersCodecRegistry{codecProviders=[ValueCodecProvider{}, BsonValueCodecProvider{}, DBRefCodecProvider{}, DBObjectCodecProvider{}, DocumentCodecProvider{}, CollectionCodecProvider{}, IterableCodecProvider{}, MapCodecProvider{}, GeoJsonCodecProvider{}, GridFSFileCodecProvider{}, Jsr310CodecProvider{}, JsonObjectCodecProvider{}, BsonCodecProvider{}, EnumCodecProvider{}, com.mongodb.client.model.mql.ExpressionCodecProvider@7c37ac3c, com.mongodb.Jep395RecordCodecProvider@2682cccc, com.mongodb.KotlinCodecProvider@2ae08750]}, loggerSettings=LoggerSettings{maxDocumentLength=1000}, clusterSettings={hosts=[localhost:27017], srvServiceName=mongodb, mode=SINGLE, requiredClusterType=UNKNOWN, requiredReplicaSetName='null', serverSelector='null', clusterListeners='[]', serverSelectionTimeout='30000 ms', localThreshold='15 ms'}, socketSettings=SocketSettings{connectTimeoutMS=10000, readTimeoutMS=0, receiveBufferSize=0, proxySettings=ProxySettings{host=null, port=null, username=null, password=null}}, heartbeatSocketSettings=SocketSettings{connectTimeoutMS=10000, readTimeoutMS=10000, receiveBufferSize=0, proxySettings=ProxySettings{host=null, port=null, username=null, password=null}}, connectionPoolSettings=ConnectionPoolSettings{maxSize=100, minSize=0, maxWaitTimeMS=120000, maxConnectionLifeTimeMS=0, maxConnectionIdleTimeMS=0, maintenanceInitialDelayMS=0, maintenanceFrequencyMS=60000, connectionPoolListeners=[io.micrometer.core.instrument.binder.mongodb.MongoMetricsConnectionPoolListener@44117b0d], maxConnecting=2}, serverSettings=ServerSettings{heartbeatFrequencyMS=10000, minHeartbeatFrequencyMS=500, serverMonitoringMode=AUTO, serverListeners='[]', serverMonitorListeners='[]'}, sslSettings=SslSettings{enabled=false, invalidHostNameAllowed=false, context=null}, applicationName='null', compressorList=[], uuidRepresentation=JAVA_LEGACY, serverApi=null, autoEncryptionSettings=null, dnsClient=null, inetAddressResolver=null, contextProvider=null, timeoutMS=null}
2025-08-19T11:04:35.106+05:30  INFO 7808 --- [user-service] [cluster-ClusterId{value='68a40cea6ded26b9426c7e27', description='null'}-localhost:27017] [                                                 ] org.mongodb.driver.cluster               : Monitor thread successfully connected to server with description ServerDescription{address=localhost:27017, type=STANDALONE, cryptd=false, state=CONNECTED, ok=true, minWireVersion=0, maxWireVersion=25, maxDocumentSize=16777216, logicalSessionTimeoutMinutes=30, roundTripTimeNanos=92048100, minRoundTripTimeNanos=0}
2025-08-19T11:04:41.147+05:30  WARN 7808 --- [user-service] [main] [                                                 ] c.f.c.c.BeanFactoryAwareFunctionRegistry : Failed to locate function 'busConsumer' for function definition 'busConsumer'. Returning null.
2025-08-19T11:04:41.499+05:30  INFO 7808 --- [user-service] [main] [                                                 ] o.s.c.s.m.DirectWithAttributesChannel    : Channel 'user-service.springCloudBusInput' has 1 subscriber(s).
2025-08-19T11:04:42.961+05:30  INFO 7808 --- [user-service] [main] [                                                 ] DiscoveryClientOptionalArgsConfiguration : Eureka HTTP Client uses RestTemplate.
2025-08-19T11:04:43.346+05:30  WARN 7808 --- [user-service] [main] [                                                 ] iguration$LoadBalancerCaffeineWarnLogger : Spring Cloud LoadBalancer is currently working with the default cache. While this cache implementation is useful for development and tests, it's recommended to use Caffeine cache in production.You can switch to using Caffeine cache, by adding it and org.springframework.cache.caffeine.CaffeineCacheManager to the classpath.
2025-08-19T11:04:43.399+05:30  INFO 7808 --- [user-service] [main] [                                                 ] o.s.b.a.e.web.EndpointLinksResolver      : Exposing 25 endpoints beneath base path '/actuator'
2025-08-19T11:04:44.114+05:30  INFO 7808 --- [user-service] [main] [                                                 ] o.s.i.endpoint.EventDrivenConsumer       : Adding {logging-channel-adapter:_org.springframework.integration.errorLogger} as a subscriber to the 'errorChannel' channel
2025-08-19T11:04:44.115+05:30  INFO 7808 --- [user-service] [main] [                                                 ] o.s.i.channel.PublishSubscribeChannel    : Channel 'user-service.errorChannel' has 1 subscriber(s).
2025-08-19T11:04:44.123+05:30  INFO 7808 --- [user-service] [main] [                                                 ] o.s.i.endpoint.EventDrivenConsumer       : started bean '_org.springframework.integration.errorLogger'
2025-08-19T11:04:44.487+05:30  INFO 7808 --- [user-service] [main] [                                                 ] o.s.c.n.eureka.InstanceInfoFactory       : Setting initial instance status as: STARTING
2025-08-19T11:04:44.569+05:30  INFO 7808 --- [user-service] [main] [                                                 ] com.netflix.discovery.DiscoveryClient    : Initializing Eureka in region us-east-1
2025-08-19T11:04:44.579+05:30  INFO 7808 --- [user-service] [main] [                                                 ] c.n.d.s.r.aws.ConfigClusterResolver      : Resolving eureka endpoints via configuration
2025-08-19T11:04:44.602+05:30  INFO 7808 --- [user-service] [main] [                                                 ] com.netflix.discovery.DiscoveryClient    : Disable delta property : false
2025-08-19T11:04:44.603+05:30  INFO 7808 --- [user-service] [main] [                                                 ] com.netflix.discovery.DiscoveryClient    : Single vip registry refresh property : null
2025-08-19T11:04:44.603+05:30  INFO 7808 --- [user-service] [main] [                                                 ] com.netflix.discovery.DiscoveryClient    : Force full registry fetch : false
2025-08-19T11:04:44.603+05:30  INFO 7808 --- [user-service] [main] [                                                 ] com.netflix.discovery.DiscoveryClient    : Application is null : false
2025-08-19T11:04:44.604+05:30  INFO 7808 --- [user-service] [main] [                                                 ] com.netflix.discovery.DiscoveryClient    : Registered Applications size is zero : true
2025-08-19T11:04:44.604+05:30  INFO 7808 --- [user-service] [main] [                                                 ] com.netflix.discovery.DiscoveryClient    : Application version is -1: true
2025-08-19T11:04:44.605+05:30  INFO 7808 --- [user-service] [main] [                                                 ] com.netflix.discovery.DiscoveryClient    : Getting all instance registry info from the eureka server
2025-08-19T11:04:45.504+05:30  INFO 7808 --- [user-service] [main] [                                                 ] com.netflix.discovery.DiscoveryClient    : The response status is 200
2025-08-19T11:04:45.510+05:30  INFO 7808 --- [user-service] [main] [                                                 ] com.netflix.discovery.DiscoveryClient    : Starting heartbeat executor: renew interval is: 30
2025-08-19T11:04:45.515+05:30  INFO 7808 --- [user-service] [main] [                                                 ] c.n.discovery.InstanceInfoReplicator     : InstanceInfoReplicator onDemand update allowed rate per min is 4
2025-08-19T11:04:45.519+05:30  INFO 7808 --- [user-service] [main] [                                                 ] com.netflix.discovery.DiscoveryClient    : Discovery Client initialized at timestamp 1755581685518 with initial instances count: 3
2025-08-19T11:04:45.525+05:30  INFO 7808 --- [user-service] [main] [                                                 ] o.s.c.n.e.s.EurekaServiceRegistry        : Registering application USER-SERVICE with eureka with status UP
2025-08-19T11:04:45.527+05:30  INFO 7808 --- [user-service] [main] [                                                 ] com.netflix.discovery.DiscoveryClient    : Saw local status change event StatusChangeEvent [timestamp=1755581685527, current=UP, previous=STARTING]
2025-08-19T11:04:45.534+05:30  INFO 7808 --- [user-service] [DiscoveryClient-InstanceInfoReplicator-%d] [                                                 ] com.netflix.discovery.DiscoveryClient    : DiscoveryClient_USER-SERVICE/DESKTOP-IEJSSAR.mshome.net:user-service:8082: registering service...
2025-08-19T11:04:45.535+05:30  INFO 7808 --- [user-service] [main] [                                                 ] o.s.c.s.binder.DefaultBinderFactory      : Creating binder: rabbit
2025-08-19T11:04:45.535+05:30  INFO 7808 --- [user-service] [main] [                                                 ] o.s.c.s.binder.DefaultBinderFactory      : Constructing binder child context for rabbit
2025-08-19T11:04:45.871+05:30  INFO 7808 --- [user-service] [DiscoveryClient-InstanceInfoReplicator-%d] [                                                 ] com.netflix.discovery.DiscoveryClient    : DiscoveryClient_USER-SERVICE/DESKTOP-IEJSSAR.mshome.net:user-service:8082 - registration status: 204
2025-08-19T11:04:46.156+05:30  INFO 7808 --- [user-service] [main] [                                                 ] o.s.c.s.binder.DefaultBinderFactory      : Caching the binder: rabbit
2025-08-19T11:04:46.204+05:30  INFO 7808 --- [user-service] [main] [                                                 ] c.s.b.r.p.RabbitExchangeQueueProvisioner : declaring queue for inbound: springCloudBus.anonymous.hNzE-vzJRaGk42VJAfg2iQ, bound to: springCloudBus
2025-08-19T11:04:46.224+05:30  INFO 7808 --- [user-service] [main] [                                                 ] o.s.a.r.c.CachingConnectionFactory       : Attempting to connect to: [localhost:5672]
2025-08-19T11:04:46.564+05:30  INFO 7808 --- [user-service] [main] [                                                 ] o.s.a.r.c.CachingConnectionFactory       : Created new connection: rabbitConnectionFactory#13d1653:0/SimpleConnection@5b1dd206 [delegate=amqp://guest@127.0.0.1:5672/, localPort=60194]
2025-08-19T11:04:47.010+05:30  INFO 7808 --- [user-service] [main] [                                                 ] o.s.c.stream.binder.BinderErrorChannel   : Channel 'rabbit-484063853.springCloudBusInput.errors' has 1 subscriber(s).
2025-08-19T11:04:47.015+05:30  INFO 7808 --- [user-service] [main] [                                                 ] o.s.c.stream.binder.BinderErrorChannel   : Channel 'rabbit-484063853.springCloudBusInput.errors' has 2 subscriber(s).
2025-08-19T11:04:47.073+05:30  INFO 7808 --- [user-service] [main] [                                                 ] o.s.i.a.i.AmqpInboundChannelAdapter      : started bean 'inbound.springCloudBus.anonymous.hNzE-vzJRaGk42VJAfg2iQ'
2025-08-19T11:04:47.146+05:30  INFO 7808 --- [user-service] [main] [                                                 ] o.s.b.w.embedded.tomcat.TomcatWebServer  : Tomcat started on port 8082 (http) with context path '/'
2025-08-19T11:04:47.149+05:30  INFO 7808 --- [user-service] [main] [                                                 ] .s.c.n.e.s.EurekaAutoServiceRegistration : Updating port to 8082
2025-08-19T11:04:47.409+05:30  INFO 7808 --- [user-service] [main] [                                                 ] com.ecommerce.user.UserApplication       : Started UserApplication in 38.959 seconds (process running for 42.218)
2025-08-19T11:04:50.380+05:30  INFO 7808 --- [user-service] [http-nio-8082-exec-1] [                                                 ] o.a.c.c.C.[Tomcat].[localhost].[/]       : Initializing Spring DispatcherServlet 'dispatcherServlet'
2025-08-19T11:04:50.381+05:30  INFO 7808 --- [user-service] [http-nio-8082-exec-1] [                                                 ] o.s.web.servlet.DispatcherServlet        : Initializing Servlet 'dispatcherServlet'
2025-08-19T11:04:50.386+05:30  INFO 7808 --- [user-service] [http-nio-8082-exec-1] [                                                 ] o.s.web.servlet.DispatcherServlet        : Completed initialization in 3 ms
2025-08-19T11:05:34.579+05:30  INFO 7808 --- [user-service] [http-nio-8082-exec-6] [68a40d255a18ab8398d0e54b5bcab82e-a419c5eac097bd24] c.e.user.controller.UserController       : Request received for user : 68a197bf15fe4bb2063c235d
2025-08-19T11:05:34.580+05:30  INFO 7808 --- [user-service] [http-nio-8082-exec-6] [68a40d255a18ab8398d0e54b5bcab82e-a419c5eac097bd24] c.e.user.controller.UserController       : Info level message - general information
2025-08-19T11:05:34.582+05:30  WARN 7808 --- [user-service] [http-nio-8082-exec-6] [68a40d255a18ab8398d0e54b5bcab82e-a419c5eac097bd24] c.e.user.controller.UserController       : Warning level message - something unexpected happened
2025-08-19T11:05:34.585+05:30 ERROR 7808 --- [user-service] [http-nio-8082-exec-6] [68a40d255a18ab8398d0e54b5bcab82e-a419c5eac097bd24] c.e.user.controller.UserController       : Error level message - something failed
2025-08-19T11:06:14.016+05:30  INFO 7808 --- [user-service] [http-nio-8082-exec-1] [68a40d4c1ebb507d8da6664bbdcb8177-250da518784c347c] c.e.user.controller.UserController       : Request received for user : 68a197bf15fe4bb2063c235d
2025-08-19T11:06:14.018+05:30  INFO 7808 --- [user-service] [http-nio-8082-exec-1] [68a40d4c1ebb507d8da6664bbdcb8177-250da518784c347c] c.e.user.controller.UserController       : Info level message - general information
2025-08-19T11:06:14.021+05:30  WARN 7808 --- [user-service] [http-nio-8082-exec-1] [68a40d4c1ebb507d8da6664bbdcb8177-250da518784c347c] c.e.user.controller.UserController       : Warning level message - something unexpected happened
2025-08-19T11:06:14.024+05:30 ERROR 7808 --- [user-service] [http-nio-8082-exec-1] [68a40d4c1ebb507d8da6664bbdcb8177-250da518784c347c] c.e.user.controller.UserController       : Error level message - something failed
2025-08-19T11:06:54.296+05:30  INFO 7808 --- [user-service] [http-nio-8082-exec-5] [68a40d74c061332881daab49869c1358-05d4f260173a3f0d] c.e.user.controller.UserController       : Request received for user : 68a197bf15fe4bb2063c235d
2025-08-19T11:06:54.297+05:30  INFO 7808 --- [user-service] [http-nio-8082-exec-5] [68a40d74c061332881daab49869c1358-05d4f260173a3f0d] c.e.user.controller.UserController       : Info level message - general information
2025-08-19T11:06:54.298+05:30  WARN 7808 --- [user-service] [http-nio-8082-exec-5] [68a40d74c061332881daab49869c1358-05d4f260173a3f0d] c.e.user.controller.UserController       : Warning level message - something unexpected happened
2025-08-19T11:06:54.299+05:30 ERROR 7808 --- [user-service] [http-nio-8082-exec-5] [68a40d74c061332881daab49869c1358-05d4f260173a3f0d] c.e.user.controller.UserController       : Error level message - something failed
2025-08-19T11:06:58.476+05:30  INFO 7808 --- [user-service] [http-nio-8082-exec-6] [68a40d79c85e8b38157cc6eb6fd4ed8e-2e26267bc9de886b] c.e.user.controller.UserController       : Request received for user : 68a197bf15fe4bb2063c235d
2025-08-19T11:06:58.477+05:30  INFO 7808 --- [user-service] [http-nio-8082-exec-6] [68a40d79c85e8b38157cc6eb6fd4ed8e-2e26267bc9de886b] c.e.user.controller.UserController       : Info level message - general information
2025-08-19T11:06:58.477+05:30  WARN 7808 --- [user-service] [http-nio-8082-exec-6] [68a40d79c85e8b38157cc6eb6fd4ed8e-2e26267bc9de886b] c.e.user.controller.UserController       : Warning level message - something unexpected happened
2025-08-19T11:06:58.477+05:30 ERROR 7808 --- [user-service] [http-nio-8082-exec-6] [68a40d79c85e8b38157cc6eb6fd4ed8e-2e26267bc9de886b] c.e.user.controller.UserController       : Error level message - something failed
2025-08-19T11:09:44.657+05:30  INFO 7808 --- [user-service] [AsyncResolver-bootstrap-executor-%d] [                                                 ] c.n.d.s.r.aws.ConfigClusterResolver      : Resolving eureka endpoints via configuration
